<?xml version="1.0" ?>
<coverage branch-rate="0.1102" branches-covered="225" branches-valid="2042" complexity="0" line-rate="0.247" lines-covered="1433" lines-valid="5801" timestamp="1603896314098" version="4.5.4">
	<!-- Generated by coverage.py: https://coverage.readthedocs.io -->
	<!-- Based on https://raw.githubusercontent.com/cobertura/web/master/htdocs/xml/coverage-04.dtd -->
	<sources>
		<source>/home/vedant/Desktop/github/django-ecommerce</source>
	</sources>
	<packages>
		<package branch-rate="0.158" complexity="0" line-rate="0.1303" name="ecommerce.lib.python3.8.site-packages.django.contrib.admin">
			<classes>
				<class branch-rate="1" complexity="0" filename="ecommerce/lib/python3.8/site-packages/django/contrib/admin/__init__.py" line-rate="0.1111" name="__init__.py">
					<methods/>
					<lines>
						<line hits="0" number="1"/>
						<line hits="0" number="2"/>
						<line hits="0" number="7"/>
						<line hits="0" number="10"/>
						<line hits="0" number="11"/>
						<line hits="0" number="13"/>
						<line hits="0" number="23"/>
						<line hits="1" number="24"/>
						<line hits="0" number="27"/>
					</lines>
				</class>
				<class branch-rate="1" complexity="0" filename="ecommerce/lib/python3.8/site-packages/django/contrib/admin/apps.py" line-rate="0.2667" name="apps.py">
					<methods/>
					<lines>
						<line hits="0" number="1"/>
						<line hits="0" number="2"/>
						<line hits="0" number="3"/>
						<line hits="0" number="4"/>
						<line hits="0" number="7"/>
						<line hits="0" number="10"/>
						<line hits="0" number="11"/>
						<line hits="0" number="12"/>
						<line hits="0" number="14"/>
						<line hits="1" number="15"/>
						<line hits="1" number="16"/>
						<line hits="0" number="19"/>
						<line hits="0" number="22"/>
						<line hits="1" number="23"/>
						<line hits="1" number="24"/>
					</lines>
				</class>
				<class branch-rate="0.4167" complexity="0" filename="ecommerce/lib/python3.8/site-packages/django/contrib/admin/checks.py" line-rate="0.3216" name="checks.py">
					<methods/>
					<lines>
						<line hits="0" number="1"/>
						<line hits="0" number="2"/>
						<line hits="0" number="4"/>
						<line hits="0" number="5"/>
						<line hits="0" number="6"/>
						<line hits="0" number="9"/>
						<line hits="0" number="10"/>
						<line hits="0" number="11"/>
						<line hits="0" number="12"/>
						<line hits="0" number="13"/>
						<line hits="0" number="14"/>
						<line hits="0" number="17"/>
						<line hits="0" number="18"/>
						<line hits="0" number="19"/>
						<line hits="0" number="22"/>
						<line hits="1" number="27"/>
						<line hits="1" number="28"/>
						<line hits="0" number="29"/>
						<line hits="0" number="30"/>
						<line hits="0" number="33"/>
						<line hits="1" number="38"/>
						<line branch="true" condition-coverage="50% (1/2)" hits="1" missing-branches="47" number="39"/>
						<line hits="1" number="40"/>
						<line hits="1" number="41"/>
						<line hits="0" number="42"/>
						<line hits="0" number="44"/>
						<line branch="true" condition-coverage="100% (2/2)" hits="1" number="45"/>
						<line hits="1" number="46"/>
						<line hits="0" number="47"/>
						<line hits="0" number="50"/>
						<line hits="1" number="51"/>
						<line hits="1" number="52"/>
						<line branch="true" condition-coverage="100% (2/2)" hits="1" number="53"/>
						<line hits="1" number="54"/>
						<line hits="1" number="55"/>
						<line hits="0" number="58"/>
						<line hits="1" number="62"/>
						<line branch="true" condition-coverage="50% (1/2)" hits="1" missing-branches="64" number="63"/>
						<line hits="0" number="64"/>
						<line hits="1" number="65"/>
						<line hits="1" number="66"/>
						<line branch="true" condition-coverage="100% (2/2)" hits="1" number="71"/>
						<line branch="true" condition-coverage="50% (1/2)" hits="1" missing-branches="73" number="72"/>
						<line hits="0" number="73"/>
						<line branch="true" condition-coverage="50% (1/2)" hits="1" missing-branches="83" number="78"/>
						<line branch="true" condition-coverage="50% (1/2)" hits="1" missing-branches="78" number="79"/>
						<line hits="1" number="80"/>
						<line hits="1" number="81"/>
						<line hits="0" number="83"/>
						<line branch="true" condition-coverage="50% (1/2)" hits="1" missing-branches="85" number="84"/>
						<line hits="0" number="85"/>
						<line branch="true" condition-coverage="50% (1/2)" hits="1" missing-branches="95" number="92"/>
						<line hits="0" number="95"/>
						<line branch="true" condition-coverage="50% (1/2)" hits="1" missing-branches="103" number="101"/>
						<line hits="0" number="103"/>
						<line branch="true" condition-coverage="50% (1/2)" hits="1" missing-branches="exit" number="109"/>
						<line branch="true" condition-coverage="50% (1/2)" hits="1" missing-branches="112" number="110"/>
						<line hits="0" number="112"/>
						<line branch="true" condition-coverage="50% (1/2)" hits="1" missing-branches="120" number="119"/>
						<line hits="0" number="120"/>
						<line branch="true" condition-coverage="50% (1/2)" hits="1" missing-branches="126" number="125"/>
						<line hits="0" number="126"/>
						<line branch="true" condition-coverage="50% (1/2)" hits="1" missing-branches="132" number="131"/>
						<line hits="0" number="132"/>
						<line hits="1" number="137"/>
						<line hits="0" number="140"/>
						<line hits="0" number="142"/>
						<line hits="1" number="143"/>
						<line hits="0" number="159"/>
						<line branch="true" condition-coverage="50% (1/2)" hits="1" missing-branches="164" number="163"/>
						<line hits="0" number="164"/>
						<line branch="true" condition-coverage="100% (2/2)" hits="1" number="166"/>
						<line hits="0" number="171"/>
						<line hits="0" number="177"/>
						<line hits="0" number="178"/>
						<line hits="0" number="179"/>
						<line hits="0" number="180"/>
						<line branch="true" condition-coverage="0% (0/2)" hits="0" missing-branches="183,187" number="182"/>
						<line hits="0" number="183"/>
						<line hits="0" number="187"/>
						<line branch="true" condition-coverage="0% (0/2)" hits="0" missing-branches="189,200" number="188"/>
						<line hits="0" number="189"/>
						<line branch="true" condition-coverage="0% (0/2)" hits="0" missing-branches="201,212" number="200"/>
						<line hits="0" number="201"/>
						<line hits="0" number="212"/>
						<line hits="0" number="214"/>
						<line branch="true" condition-coverage="50% (1/2)" hits="1" missing-branches="219" number="218"/>
						<line hits="0" number="219"/>
						<line branch="true" condition-coverage="100% (2/2)" hits="1" number="221"/>
						<line hits="0" number="226"/>
						<line hits="0" number="231"/>
						<line hits="0" number="232"/>
						<line hits="0" number="233"/>
						<line hits="0" number="234"/>
						<line branch="true" condition-coverage="0% (0/2)" hits="0" missing-branches="237,239" number="236"/>
						<line hits="0" number="237"/>
						<line hits="0" number="239"/>
						<line hits="0" number="241"/>
						<line branch="true" condition-coverage="50% (1/2)" hits="1" missing-branches="248" number="246"/>
						<line hits="1" number="247"/>
						<line branch="true" condition-coverage="0% (0/2)" hits="0" missing-branches="249,250" number="248"/>
						<line hits="0" number="249"/>
						<line branch="true" condition-coverage="0% (0/2)" hits="0" missing-branches="251,258" number="250"/>
						<line hits="0" number="251"/>
						<line hits="0" number="258"/>
						<line branch="true" condition-coverage="0% (0/2)" hits="0" missing-branches="260,268" number="259"/>
						<line hits="0" number="260"/>
						<line branch="true" condition-coverage="0% (0/2)" hits="0" missing-branches="exit,exit" number="268"/>
						<line hits="0" number="273"/>
						<line branch="true" condition-coverage="100% (2/2)" hits="1" number="277"/>
						<line hits="1" number="278"/>
						<line branch="true" condition-coverage="50% (1/2)" hits="1" missing-branches="280" number="279"/>
						<line hits="0" number="280"/>
						<line hits="1" number="282"/>
						<line branch="true" condition-coverage="100% (2/2)" hits="1" number="283"/>
						<line hits="0" number="288"/>
						<line branch="true" condition-coverage="50% (1/2)" hits="1" missing-branches="293" number="292"/>
						<line hits="0" number="293"/>
						<line branch="true" condition-coverage="50% (1/2)" hits="1" missing-branches="295" number="294"/>
						<line hits="0" number="295"/>
						<line branch="true" condition-coverage="50% (1/2)" hits="1" missing-branches="297" number="296"/>
						<line hits="0" number="297"/>
						<line branch="true" condition-coverage="50% (1/2)" hits="1" missing-branches="299" number="298"/>
						<line hits="0" number="299"/>
						<line branch="true" condition-coverage="50% (1/2)" hits="1" missing-branches="307" number="306"/>
						<line hits="0" number="307"/>
						<line hits="1" number="309"/>
						<line branch="true" condition-coverage="50% (1/2)" hits="1" missing-branches="311" number="310"/>
						<line hits="0" number="311"/>
						<line branch="true" condition-coverage="100% (2/2)" hits="1" number="318"/>
						<line hits="0" number="323"/>
						<line branch="true" condition-coverage="50% (1/2)" hits="1" missing-branches="329" number="328"/>
						<line branch="true" condition-coverage="0% (0/2)" hits="0" missing-branches="exit,exit" number="329"/>
						<line hits="1" number="334"/>
						<line hits="0" number="336"/>
						<line branch="true" condition-coverage="50% (1/2)" hits="1" missing-branches="341" number="337"/>
						<line hits="0" number="341"/>
						<line hits="1" number="343"/>
						<line hits="1" number="344"/>
						<line hits="0" number="345"/>
						<line hits="0" number="348"/>
						<line branch="true" condition-coverage="50% (1/2)" hits="1" missing-branches="352" number="350"/>
						<line hits="0" number="352"/>
						<line hits="1" number="362"/>
						<line hits="0" number="364"/>
						<line branch="true" condition-coverage="50% (1/2)" hits="1" missing-branches="369" number="367"/>
						<line hits="1" number="368"/>
						<line branch="true" condition-coverage="0% (0/2)" hits="0" missing-branches="370,371" number="369"/>
						<line hits="0" number="370"/>
						<line branch="true" condition-coverage="0% (0/2)" hits="0" missing-branches="372,380" number="371"/>
						<line hits="0" number="372"/>
						<line hits="0" number="380"/>
						<line hits="0" number="382"/>
						<line branch="true" condition-coverage="50% (1/2)" hits="1" missing-branches="385" number="384"/>
						<line hits="0" number="385"/>
						<line hits="1" number="388"/>
						<line hits="0" number="390"/>
						<line branch="true" condition-coverage="50% (1/2)" hits="1" missing-branches="393" number="392"/>
						<line hits="0" number="393"/>
						<line branch="true" condition-coverage="100% (2/2)" hits="1" number="395"/>
						<line hits="0" number="400"/>
						<line branch="true" condition-coverage="50% (1/2)" hits="1" missing-branches="403" number="402"/>
						<line hits="0" number="403"/>
						<line branch="true" condition-coverage="100% (2/2)" hits="1" number="405"/>
						<line hits="0" number="410"/>
						<line hits="1" number="414"/>
						<line hits="1" number="415"/>
						<line hits="0" number="416"/>
						<line hits="0" number="417"/>
						<line branch="true" condition-coverage="50% (1/2)" hits="1" missing-branches="420" number="419"/>
						<line hits="0" number="420"/>
						<line hits="1" number="422"/>
						<line hits="0" number="424"/>
						<line branch="true" condition-coverage="50% (1/2)" hits="1" missing-branches="427" number="426"/>
						<line hits="0" number="427"/>
						<line branch="true" condition-coverage="100% (2/2)" hits="1" number="429"/>
						<line hits="0" number="435"/>
						<line hits="0" number="439"/>
						<line hits="0" number="440"/>
						<line hits="0" number="441"/>
						<line hits="0" number="442"/>
						<line branch="true" condition-coverage="0% (0/2)" hits="0" missing-branches="445,456" number="444"/>
						<line hits="0" number="445"/>
						<line hits="0" number="456"/>
						<line hits="0" number="458"/>
						<line hits="0" number="461"/>
						<line branch="true" condition-coverage="0% (0/2)" hits="0" missing-branches="464,472" number="463"/>
						<line hits="0" number="464"/>
						<line hits="0" number="472"/>
						<line hits="0" number="474"/>
						<line branch="true" condition-coverage="50% (1/2)" hits="1" missing-branches="476" number="475"/>
						<line hits="0" number="476"/>
						<line hits="1" number="484"/>
						<line hits="0" number="486"/>
						<line branch="true" condition-coverage="50% (1/2)" hits="1" missing-branches="490" number="489"/>
						<line hits="0" number="490"/>
						<line branch="true" condition-coverage="100% (2/2)" hits="1" number="492"/>
						<line hits="0" number="498"/>
						<line hits="0" number="503"/>
						<line hits="0" number="504"/>
						<line hits="0" number="505"/>
						<line hits="0" number="506"/>
						<line branch="true" condition-coverage="0% (0/2)" hits="0" missing-branches="509,518" number="508"/>
						<line hits="0" number="509"/>
						<line hits="0" number="518"/>
						<line hits="0" number="520"/>
						<line branch="true" condition-coverage="0% (0/2)" hits="0" missing-branches="525,527" number="524"/>
						<line hits="0" number="525"/>
						<line branch="true" condition-coverage="0% (0/2)" hits="0" missing-branches="exit,exit" number="527"/>
						<line hits="0" number="532"/>
						<line hits="0" number="536"/>
						<line hits="0" number="537"/>
						<line hits="0" number="538"/>
						<line hits="0" number="539"/>
						<line hits="0" number="541"/>
						<line hits="0" number="543"/>
						<line branch="true" condition-coverage="50% (1/2)" hits="1" missing-branches="548" number="547"/>
						<line hits="0" number="548"/>
						<line branch="true" condition-coverage="50% (1/2)" hits="1" missing-branches="550" number="549"/>
						<line hits="0" number="550"/>
						<line branch="true" condition-coverage="100% (2/2)" hits="1" number="552"/>
						<line hits="0" number="557"/>
						<line branch="true" condition-coverage="50% (1/2)" hits="1" missing-branches="560" number="559"/>
						<line branch="true" condition-coverage="0% (0/2)" hits="0" missing-branches="561,562" number="560"/>
						<line hits="0" number="561"/>
						<line branch="true" condition-coverage="0% (0/2)" hits="0" missing-branches="563,565" number="562"/>
						<line hits="0" number="563"/>
						<line hits="0" number="565"/>
						<line branch="true" condition-coverage="50% (1/2)" hits="1" missing-branches="567" number="566"/>
						<line hits="0" number="567"/>
						<line branch="true" condition-coverage="50% (1/2)" hits="1" missing-branches="577" number="576"/>
						<line hits="0" number="577"/>
						<line branch="true" condition-coverage="50% (1/2)" hits="1" missing-branches="581" number="578"/>
						<line hits="0" number="581"/>
						<line branch="true" condition-coverage="50% (1/2)" hits="1" missing-branches="584" number="583"/>
						<line hits="0" number="584"/>
						<line branch="true" condition-coverage="50% (1/2)" hits="1" missing-branches="586" number="585"/>
						<line hits="0" number="586"/>
						<line hits="1" number="587"/>
						<line hits="1" number="588"/>
						<line hits="0" number="589"/>
						<line hits="0" number="590"/>
						<line hits="1" number="592"/>
						<line hits="0" number="594"/>
						<line branch="true" condition-coverage="50% (1/2)" hits="1" missing-branches="599" number="597"/>
						<line hits="1" number="598"/>
						<line branch="true" condition-coverage="0% (0/2)" hits="0" missing-branches="600,602" number="599"/>
						<line hits="0" number="600"/>
						<line branch="true" condition-coverage="0% (0/2)" hits="0" missing-branches="exit,exit" number="602"/>
						<line hits="0" number="607"/>
						<line branch="true" condition-coverage="0% (0/2)" hits="0" missing-branches="609,610" number="608"/>
						<line hits="0" number="609"/>
						<line branch="true" condition-coverage="0% (0/2)" hits="0" missing-branches="611,612" number="610"/>
						<line hits="0" number="611"/>
						<line branch="true" condition-coverage="0% (0/2)" hits="0" missing-branches="613,615" number="612"/>
						<line hits="0" number="613"/>
						<line hits="0" number="615"/>
						<line hits="0" number="616"/>
						<line hits="0" number="617"/>
						<line hits="0" number="618"/>
						<line hits="0" number="629"/>
						<line hits="0" number="632"/>
						<line hits="0" number="634"/>
						<line hits="1" number="635"/>
						<line hits="0" number="653"/>
						<line branch="true" condition-coverage="50% (1/2)" hits="1" missing-branches="657" number="656"/>
						<line hits="0" number="657"/>
						<line hits="1" number="660"/>
						<line hits="0" number="662"/>
						<line branch="true" condition-coverage="50% (1/2)" hits="1" missing-branches="666" number="665"/>
						<line hits="0" number="666"/>
						<line hits="1" number="669"/>
						<line hits="0" number="671"/>
						<line branch="true" condition-coverage="50% (1/2)" hits="1" missing-branches="675" number="674"/>
						<line hits="0" number="675"/>
						<line branch="true" condition-coverage="100% (2/2)" hits="1" number="677"/>
						<line hits="0" number="682"/>
						<line hits="0" number="684"/>
						<line hits="0" number="685"/>
						<line hits="0" number="686"/>
						<line hits="0" number="687"/>
						<line hits="0" number="695"/>
						<line branch="true" condition-coverage="0% (0/2)" hits="0" missing-branches="698,705" number="697"/>
						<line hits="0" number="698"/>
						<line branch="true" condition-coverage="0% (0/2)" hits="0" missing-branches="706,713" number="705"/>
						<line hits="0" number="706"/>
						<line branch="true" condition-coverage="0% (0/2)" hits="0" missing-branches="714,716" number="713"/>
						<line hits="0" number="714"/>
						<line hits="0" number="716"/>
						<line hits="0" number="718"/>
						<line branch="true" condition-coverage="50% (1/2)" hits="1" missing-branches="723" number="722"/>
						<line hits="0" number="723"/>
						<line branch="true" condition-coverage="100% (2/2)" hits="1" number="725"/>
						<line hits="0" number="730"/>
						<line branch="true" condition-coverage="50% (1/2)" hits="1" missing-branches="732" number="731"/>
						<line hits="0" number="732"/>
						<line branch="true" condition-coverage="100% (2/2)" hits="1" number="733"/>
						<line hits="1" number="734"/>
						<line hits="1" number="735"/>
						<line hits="1" number="736"/>
						<line hits="0" number="737"/>
						<line hits="0" number="738"/>
						<line hits="0" number="739"/>
						<line hits="0" number="740"/>
						<line hits="0" number="741"/>
						<line branch="true" condition-coverage="50% (1/2)" hits="1" missing-branches="754" number="753"/>
						<line hits="0" number="754"/>
						<line hits="1" number="761"/>
						<line hits="0" number="763"/>
						<line hits="1" number="766"/>
						<line branch="true" condition-coverage="50% (1/2)" hits="1" missing-branches="769" number="768"/>
						<line hits="0" number="769"/>
						<line branch="true" condition-coverage="50% (1/2)" hits="1" missing-branches="771" number="770"/>
						<line hits="0" number="771"/>
						<line branch="true" condition-coverage="50% (1/2)" hits="1" missing-branches="778" number="773"/>
						<line branch="true" condition-coverage="100% (2/2)" hits="1" number="774"/>
						<line hits="0" number="778"/>
						<line hits="0" number="780"/>
						<line branch="true" condition-coverage="0% (0/2)" hits="0" missing-branches="782,792" number="781"/>
						<line hits="0" number="782"/>
						<line hits="0" number="792"/>
						<line hits="0" number="794"/>
						<line branch="true" condition-coverage="50% (1/2)" hits="1" missing-branches="796" number="795"/>
						<line hits="0" number="796"/>
						<line branch="true" condition-coverage="100% (2/2)" hits="1" number="798"/>
						<line hits="0" number="803"/>
						<line hits="1" number="811"/>
						<line branch="true" condition-coverage="50% (1/2)" hits="1" missing-branches="815" number="813"/>
						<line branch="true" condition-coverage="0% (0/2)" hits="0" missing-branches="816,819" number="815"/>
						<line hits="0" number="816"/>
						<line branch="true" condition-coverage="0% (0/2)" hits="0" missing-branches="820,828" number="819"/>
						<line hits="0" number="820"/>
						<line hits="0" number="828"/>
						<line branch="true" condition-coverage="50% (1/2)" hits="1" missing-branches="831" number="829"/>
						<line hits="0" number="831"/>
						<line branch="true" condition-coverage="0% (0/2)" hits="0" missing-branches="833,835" number="832"/>
						<line hits="0" number="833"/>
						<line hits="0" number="835"/>
						<line hits="1" number="838"/>
						<line hits="1" number="841"/>
						<line hits="1" number="842"/>
						<line hits="0" number="843"/>
						<line hits="0" number="844"/>
						<line hits="1" number="852"/>
						<line hits="0" number="854"/>
						<line branch="true" condition-coverage="50% (1/2)" hits="1" missing-branches="858" number="857"/>
						<line hits="0" number="858"/>
						<line hits="1" number="860"/>
						<line hits="0" number="862"/>
						<line branch="true" condition-coverage="50% (1/2)" hits="1" missing-branches="866" number="865"/>
						<line hits="0" number="866"/>
						<line hits="1" number="868"/>
						<line hits="0" number="870"/>
						<line branch="true" condition-coverage="50% (1/2)" hits="1" missing-branches="874" number="873"/>
						<line hits="0" number="874"/>
						<line hits="1" number="876"/>
						<line hits="0" number="878"/>
						<line branch="true" condition-coverage="50% (1/2)" hits="1" missing-branches="883" number="882"/>
						<line hits="0" number="883"/>
						<line branch="true" condition-coverage="100% (2/2)" hits="1" number="885"/>
						<line hits="0" number="890"/>
						<line hits="0" number="891"/>
						<line hits="0" number="892"/>
						<line hits="0" number="893"/>
						<line hits="0" number="894"/>
						<line branch="true" condition-coverage="0% (0/2)" hits="0" missing-branches="897,905" number="896"/>
						<line hits="0" number="897"/>
						<line branch="true" condition-coverage="0% (0/2)" hits="0" missing-branches="906,915" number="905"/>
						<line hits="0" number="906"/>
						<line branch="true" condition-coverage="0% (0/2)" hits="0" missing-branches="917,927" number="915"/>
						<line hits="0" number="917"/>
						<line branch="true" condition-coverage="0% (0/2)" hits="0" missing-branches="928,938" number="927"/>
						<line hits="0" number="928"/>
						<line hits="0" number="938"/>
						<line hits="0" number="940"/>
						<line branch="true" condition-coverage="50% (1/2)" hits="1" missing-branches="944" number="943"/>
						<line hits="0" number="944"/>
						<line hits="1" number="946"/>
						<line hits="0" number="948"/>
						<line branch="true" condition-coverage="50% (1/2)" hits="1" missing-branches="954" number="951"/>
						<line hits="1" number="952"/>
						<line hits="0" number="954"/>
						<line hits="0" number="955"/>
						<line hits="0" number="956"/>
						<line hits="0" number="957"/>
						<line branch="true" condition-coverage="0% (0/2)" hits="0" missing-branches="967,969" number="966"/>
						<line hits="0" number="967"/>
						<line hits="0" number="969"/>
						<line hits="0" number="971"/>
						<line hits="1" number="976"/>
						<line hits="1" number="977"/>
						<line branch="true" condition-coverage="100% (2/2)" hits="1" number="978"/>
						<line branch="true" condition-coverage="50% (1/2)" hits="1" missing-branches="980" number="979"/>
						<line hits="0" number="980"/>
						<line branch="true" condition-coverage="100% (2/2)" hits="1" number="981"/>
						<line hits="1" number="982"/>
						<line branch="true" condition-coverage="50% (1/2)" hits="1" missing-branches="984" number="983"/>
						<line hits="0" number="984"/>
						<line hits="1" number="995"/>
						<line hits="0" number="997"/>
						<line hits="1" number="999"/>
						<line branch="true" condition-coverage="100% (2/2)" hits="1" number="1000"/>
						<line branch="true" condition-coverage="100% (2/2)" hits="1" number="1001"/>
						<line branch="true" condition-coverage="50% (1/2)" hits="1" missing-branches="1003" number="1002"/>
						<line hits="0" number="1003"/>
						<line hits="1" number="1012"/>
						<line hits="0" number="1015"/>
						<line hits="0" number="1017"/>
						<line hits="0" number="1018"/>
						<line hits="0" number="1019"/>
						<line hits="0" number="1029"/>
						<line hits="0" number="1032"/>
						<line branch="true" condition-coverage="0% (0/2)" hits="0" missing-branches="1034,1037" number="1033"/>
						<line hits="0" number="1034"/>
						<line branch="true" condition-coverage="0% (0/2)" hits="0" missing-branches="1038,1040" number="1037"/>
						<line hits="0" number="1038"/>
						<line branch="true" condition-coverage="0% (0/2)" hits="0" missing-branches="1041,1043" number="1040"/>
						<line hits="0" number="1041"/>
						<line hits="0" number="1043"/>
						<line branch="true" condition-coverage="0% (0/2)" hits="0" missing-branches="1045,1056" number="1044"/>
						<line hits="0" number="1045"/>
						<line hits="0" number="1056"/>
						<line hits="0" number="1058"/>
						<line hits="0" number="1059"/>
						<line hits="0" number="1060"/>
						<line hits="0" number="1061"/>
						<line hits="0" number="1062"/>
						<line hits="0" number="1064"/>
						<line hits="0" number="1066"/>
						<line branch="true" condition-coverage="0% (0/2)" hits="0" missing-branches="1070,1072" number="1069"/>
						<line hits="0" number="1070"/>
						<line hits="0" number="1072"/>
						<line hits="0" number="1074"/>
						<line branch="true" condition-coverage="0% (0/2)" hits="0" missing-branches="1078,1079" number="1077"/>
						<line hits="0" number="1078"/>
						<line branch="true" condition-coverage="0% (0/2)" hits="0" missing-branches="1080,1082" number="1079"/>
						<line hits="0" number="1080"/>
						<line hits="0" number="1082"/>
						<line hits="0" number="1084"/>
						<line branch="true" condition-coverage="0% (0/2)" hits="0" missing-branches="1088,1089" number="1087"/>
						<line hits="0" number="1088"/>
						<line branch="true" condition-coverage="0% (0/2)" hits="0" missing-branches="1090,1092" number="1089"/>
						<line hits="0" number="1090"/>
						<line hits="0" number="1092"/>
						<line hits="0" number="1094"/>
						<line branch="true" condition-coverage="0% (0/2)" hits="0" missing-branches="1098,1100" number="1097"/>
						<line hits="0" number="1098"/>
						<line hits="0" number="1100"/>
						<line hits="0" number="1103"/>
						<line hits="0" number="1104"/>
						<line hits="0" number="1113"/>
						<line hits="0" number="1114"/>
						<line hits="0" number="1123"/>
						<line hits="0" number="1124"/>
					</lines>
				</class>
				<class branch-rate="0.5" complexity="0" filename="ecommerce/lib/python3.8/site-packages/django/contrib/admin/decorators.py" line-rate="0.7143" name="decorators.py">
					<methods/>
					<lines>
						<line hits="0" number="1"/>
						<line hits="1" number="12"/>
						<line hits="1" number="13"/>
						<line hits="1" number="15"/>
						<line branch="true" condition-coverage="50% (1/2)" hits="1" missing-branches="17" number="16"/>
						<line hits="0" number="17"/>
						<line hits="1" number="19"/>
						<line branch="true" condition-coverage="50% (1/2)" hits="1" missing-branches="22" number="21"/>
						<line hits="0" number="22"/>
						<line branch="true" condition-coverage="50% (1/2)" hits="1" missing-branches="25" number="24"/>
						<line hits="0" number="25"/>
						<line hits="1" number="27"/>
						<line hits="1" number="29"/>
						<line hits="1" number="30"/>
					</lines>
				</class>
				<class branch-rate="0" complexity="0" filename="ecommerce/lib/python3.8/site-packages/django/contrib/admin/models.py" line-rate="0.4524" name="models.py">
					<methods/>
					<lines>
						<line hits="1" number="1"/>
						<line hits="1" number="3"/>
						<line hits="1" number="4"/>
						<line hits="1" number="5"/>
						<line hits="1" number="6"/>
						<line hits="1" number="7"/>
						<line hits="1" number="8"/>
						<line hits="1" number="9"/>
						<line hits="1" number="10"/>
						<line hits="1" number="12"/>
						<line hits="1" number="13"/>
						<line hits="1" number="14"/>
						<line hits="1" number="16"/>
						<line hits="1" number="23"/>
						<line hits="1" number="24"/>
						<line hits="1" number="26"/>
						<line branch="true" condition-coverage="0% (0/2)" hits="0" missing-branches="28,29" number="27"/>
						<line hits="0" number="28"/>
						<line hits="0" number="29"/>
						<line hits="1" number="39"/>
						<line hits="1" number="40"/>
						<line hits="1" number="45"/>
						<line hits="1" number="50"/>
						<line hits="1" number="56"/>
						<line hits="1" number="58"/>
						<line hits="1" number="59"/>
						<line hits="1" number="61"/>
						<line hits="1" number="63"/>
						<line hits="1" number="65"/>
						<line hits="1" number="66"/>
						<line hits="1" number="67"/>
						<line hits="1" number="68"/>
						<line hits="1" number="69"/>
						<line hits="1" number="71"/>
						<line hits="0" number="72"/>
						<line hits="1" number="74"/>
						<line branch="true" condition-coverage="0% (0/2)" hits="0" missing-branches="76,77" number="75"/>
						<line hits="0" number="76"/>
						<line branch="true" condition-coverage="0% (0/2)" hits="0" missing-branches="78,82" number="77"/>
						<line hits="0" number="78"/>
						<line branch="true" condition-coverage="0% (0/2)" hits="0" missing-branches="83,85" number="82"/>
						<line hits="0" number="83"/>
						<line hits="0" number="85"/>
						<line hits="1" number="87"/>
						<line hits="0" number="88"/>
						<line hits="1" number="90"/>
						<line hits="0" number="91"/>
						<line hits="1" number="93"/>
						<line hits="0" number="94"/>
						<line hits="1" number="96"/>
						<line branch="true" condition-coverage="0% (0/2)" hits="0" missing-branches="102,134" number="101"/>
						<line hits="0" number="102"/>
						<line hits="0" number="103"/>
						<line hits="0" number="104"/>
						<line hits="0" number="105"/>
						<line hits="0" number="106"/>
						<line branch="true" condition-coverage="0% (0/2)" hits="0" missing-branches="108,131" number="107"/>
						<line branch="true" condition-coverage="0% (0/2)" hits="0" missing-branches="109,115" number="108"/>
						<line branch="true" condition-coverage="0% (0/2)" hits="0" missing-branches="110,113" number="109"/>
						<line hits="0" number="110"/>
						<line hits="0" number="111"/>
						<line hits="0" number="113"/>
						<line branch="true" condition-coverage="0% (0/2)" hits="0" missing-branches="116,127" number="115"/>
						<line branch="true" condition-coverage="0% (0/2)" hits="0" missing-branches="exit,119" number="116"/>
						<line branch="true" condition-coverage="0% (0/2)" hits="0" missing-branches="120,125" number="119"/>
						<line hits="0" number="120"/>
						<line hits="0" number="121"/>
						<line hits="0" number="125"/>
						<line branch="true" condition-coverage="0% (0/2)" hits="0" missing-branches="107,128" number="127"/>
						<line hits="0" number="128"/>
						<line hits="0" number="129"/>
						<line branch="true" condition-coverage="0% (0/2)" hits="0" missing-branches="exit,132" number="131"/>
						<line hits="0" number="132"/>
						<line hits="0" number="134"/>
						<line hits="1" number="136"/>
						<line hits="0" number="138"/>
						<line hits="1" number="140"/>
						<line branch="true" condition-coverage="0% (0/2)" hits="0" missing-branches="145,150" number="144"/>
						<line hits="0" number="145"/>
						<line hits="0" number="146"/>
						<line hits="0" number="147"/>
						<line hits="0" number="148"/>
						<line hits="0" number="149"/>
						<line hits="0" number="150"/>
					</lines>
				</class>
				<class branch-rate="0.02475" complexity="0" filename="ecommerce/lib/python3.8/site-packages/django/contrib/admin/options.py" line-rate="0.02469" name="options.py">
					<methods/>
					<lines>
						<line hits="0" number="1"/>
						<line hits="0" number="2"/>
						<line hits="0" number="3"/>
						<line hits="0" number="4"/>
						<line hits="0" number="5"/>
						<line hits="0" number="6"/>
						<line hits="0" number="8"/>
						<line hits="0" number="9"/>
						<line hits="0" number="10"/>
						<line hits="0" number="11"/>
						<line hits="0" number="12"/>
						<line hits="0" number="15"/>
						<line hits="0" number="16"/>
						<line hits="0" number="17"/>
						<line hits="0" number="22"/>
						<line hits="0" number="23"/>
						<line hits="0" number="26"/>
						<line hits="0" number="27"/>
						<line hits="0" number="30"/>
						<line hits="0" number="31"/>
						<line hits="0" number="32"/>
						<line hits="0" number="33"/>
						<line hits="0" number="34"/>
						<line hits="0" number="38"/>
						<line hits="0" number="39"/>
						<line hits="0" number="40"/>
						<line hits="0" number="41"/>
						<line hits="0" number="42"/>
						<line hits="0" number="43"/>
						<line hits="0" number="44"/>
						<line hits="0" number="45"/>
						<line hits="0" number="46"/>
						<line hits="0" number="47"/>
						<line hits="0" number="48"/>
						<line hits="0" number="49"/>
						<line hits="0" number="50"/>
						<line hits="0" number="52"/>
						<line hits="0" number="53"/>
						<line hits="0" number="56"/>
						<line hits="0" number="59"/>
						<line hits="0" number="62"/>
						<line hits="0" number="63"/>
						<line hits="0" number="66"/>
						<line hits="0" number="67"/>
						<line hits="0" number="70"/>
						<line hits="0" number="71"/>
						<line hits="0" number="77"/>
						<line hits="0" number="95"/>
						<line hits="0" number="98"/>
						<line hits="0" number="101"/>
						<line hits="0" number="102"/>
						<line hits="0" number="103"/>
						<line hits="0" number="104"/>
						<line hits="0" number="105"/>
						<line hits="0" number="106"/>
						<line hits="0" number="107"/>
						<line hits="0" number="108"/>
						<line hits="0" number="109"/>
						<line hits="0" number="110"/>
						<line hits="0" number="111"/>
						<line hits="0" number="112"/>
						<line hits="0" number="113"/>
						<line hits="0" number="114"/>
						<line hits="0" number="115"/>
						<line hits="0" number="116"/>
						<line hits="0" number="117"/>
						<line hits="0" number="119"/>
						<line hits="1" number="120"/>
						<line hits="0" number="122"/>
						<line hits="1" number="125"/>
						<line branch="true" condition-coverage="50% (1/2)" hits="1" missing-branches="127" number="126"/>
						<line hits="0" number="127"/>
						<line hits="1" number="128"/>
						<line hits="0" number="130"/>
						<line branch="true" condition-coverage="0% (0/2)" hits="0" missing-branches="140,143" number="139"/>
						<line hits="0" number="140"/>
						<line branch="true" condition-coverage="0% (0/2)" hits="0" missing-branches="148,179" number="143"/>
						<line branch="true" condition-coverage="0% (0/2)" hits="0" missing-branches="149,152" number="148"/>
						<line hits="0" number="149"/>
						<line branch="true" condition-coverage="0% (0/2)" hits="0" missing-branches="153,154" number="152"/>
						<line hits="0" number="153"/>
						<line branch="true" condition-coverage="0% (0/2)" hits="0" missing-branches="155,161" number="154"/>
						<line hits="0" number="155"/>
						<line branch="true" condition-coverage="0% (0/2)" hits="0" missing-branches="162,175" number="161"/>
						<line hits="0" number="162"/>
						<line hits="0" number="163"/>
						<line branch="true" condition-coverage="0% (0/2)" hits="0" missing-branches="165,171" number="164"/>
						<line hits="0" number="165"/>
						<line hits="0" number="171"/>
						<line hits="0" number="175"/>
						<line branch="true" condition-coverage="0% (0/2)" hits="0" missing-branches="180,185" number="179"/>
						<line branch="true" condition-coverage="0% (0/2)" hits="0" missing-branches="179,181" number="180"/>
						<line hits="0" number="181"/>
						<line hits="0" number="182"/>
						<line hits="0" number="185"/>
						<line hits="0" number="187"/>
						<line branch="true" condition-coverage="0% (0/2)" hits="0" missing-branches="194,203" number="192"/>
						<line branch="true" condition-coverage="0% (0/2)" hits="0" missing-branches="195,198" number="194"/>
						<line hits="0" number="195"/>
						<line branch="true" condition-coverage="0% (0/2)" hits="0" missing-branches="199,203" number="198"/>
						<line hits="0" number="199"/>
						<line hits="0" number="203"/>
						<line hits="0" number="205"/>
						<line hits="0" number="211"/>
						<line branch="true" condition-coverage="0% (0/2)" hits="0" missing-branches="213,216" number="212"/>
						<line hits="0" number="213"/>
						<line branch="true" condition-coverage="0% (0/2)" hits="0" missing-branches="215,216" number="214"/>
						<line hits="0" number="215"/>
						<line hits="0" number="216"/>
						<line hits="0" number="218"/>
						<line hits="0" number="222"/>
						<line branch="true" condition-coverage="0% (0/2)" hits="0" missing-branches="225,235" number="224"/>
						<line branch="true" condition-coverage="0% (0/2)" hits="0" missing-branches="226,227" number="225"/>
						<line hits="0" number="226"/>
						<line branch="true" condition-coverage="0% (0/2)" hits="0" missing-branches="228,229" number="227"/>
						<line hits="0" number="228"/>
						<line branch="true" condition-coverage="0% (0/2)" hits="0" missing-branches="230,235" number="229"/>
						<line hits="0" number="230"/>
						<line hits="0" number="233"/>
						<line branch="true" condition-coverage="0% (0/2)" hits="0" missing-branches="236,240" number="235"/>
						<line hits="0" number="236"/>
						<line branch="true" condition-coverage="0% (0/2)" hits="0" missing-branches="238,240" number="237"/>
						<line hits="0" number="238"/>
						<line hits="0" number="240"/>
						<line hits="0" number="242"/>
						<line branch="true" condition-coverage="0% (0/2)" hits="0" missing-branches="249,250" number="248"/>
						<line hits="0" number="249"/>
						<line hits="0" number="250"/>
						<line branch="true" condition-coverage="0% (0/2)" hits="0" missing-branches="253,271" number="252"/>
						<line hits="0" number="253"/>
						<line branch="true" condition-coverage="0% (0/2)" hits="0" missing-branches="255,260" number="254"/>
						<line hits="0" number="255"/>
						<line branch="true" condition-coverage="0% (0/2)" hits="0" missing-branches="261,266" number="260"/>
						<line hits="0" number="261"/>
						<line branch="true" condition-coverage="0% (0/2)" hits="0" missing-branches="267,271" number="266"/>
						<line hits="0" number="267"/>
						<line branch="true" condition-coverage="0% (0/2)" hits="0" missing-branches="272,276" number="271"/>
						<line hits="0" number="272"/>
						<line branch="true" condition-coverage="0% (0/2)" hits="0" missing-branches="274,276" number="273"/>
						<line hits="0" number="274"/>
						<line hits="0" number="276"/>
						<line branch="true" condition-coverage="0% (0/2)" hits="0" missing-branches="279,282" number="277"/>
						<line hits="0" number="279"/>
						<line hits="0" number="280"/>
						<line hits="0" number="281"/>
						<line hits="0" number="282"/>
						<line hits="0" number="284"/>
						<line hits="0" number="289"/>
						<line hits="0" number="291"/>
						<line branch="true" condition-coverage="0% (0/2)" hits="0" missing-branches="293,295" number="292"/>
						<line hits="0" number="293"/>
						<line branch="true" condition-coverage="0% (0/2)" hits="0" missing-branches="296,297" number="295"/>
						<line hits="0" number="296"/>
						<line branch="true" condition-coverage="0% (0/2)" hits="0" missing-branches="exit,299" number="297"/>
						<line hits="0" number="299"/>
						<line hits="0" number="304"/>
						<line hits="0" number="308"/>
						<line hits="0" number="309"/>
						<line hits="0" number="310"/>
						<line hits="0" number="311"/>
						<line hits="0" number="313"/>
						<line hits="0" number="317"/>
						<line hits="0" number="319"/>
						<line branch="true" condition-coverage="0% (0/2)" hits="0" missing-branches="324,326" number="323"/>
						<line hits="0" number="324"/>
						<line hits="0" number="326"/>
						<line hits="0" number="327"/>
						<line hits="0" number="329"/>
						<line branch="true" condition-coverage="0% (0/2)" hits="0" missing-branches="334,335" number="333"/>
						<line hits="0" number="334"/>
						<line hits="0" number="335"/>
						<line hits="0" number="337"/>
						<line hits="0" number="339"/>
						<line hits="0" number="341"/>
						<line hits="0" number="345"/>
						<line hits="0" number="347"/>
						<line hits="0" number="351"/>
						<line hits="0" number="353"/>
						<line hits="0" number="357"/>
						<line hits="0" number="359"/>
						<line hits="0" number="364"/>
						<line hits="0" number="366"/>
						<line branch="true" condition-coverage="0% (0/2)" hits="0" missing-branches="368,369" number="367"/>
						<line hits="0" number="368"/>
						<line hits="0" number="369"/>
						<line hits="0" number="371"/>
						<line hits="0" number="373"/>
						<line hits="0" number="375"/>
						<line hits="0" number="376"/>
						<line hits="0" number="378"/>
						<line branch="true" condition-coverage="0% (0/2)" hits="0" missing-branches="384,389" number="382"/>
						<line branch="true" condition-coverage="0% (0/2)" hits="0" missing-branches="385,386" number="384"/>
						<line hits="0" number="385"/>
						<line branch="true" condition-coverage="0% (0/2)" hits="0" missing-branches="382,387" number="386"/>
						<line hits="0" number="387"/>
						<line hits="0" number="389"/>
						<line hits="0" number="390"/>
						<line branch="true" condition-coverage="0% (0/2)" hits="0" missing-branches="392,411" number="391"/>
						<line hits="0" number="392"/>
						<line hits="0" number="393"/>
						<line hits="0" number="394"/>
						<line hits="0" number="397"/>
						<line branch="true" condition-coverage="0% (0/2)" hits="0" missing-branches="403,404" number="401"/>
						<line hits="0" number="403"/>
						<line branch="true" condition-coverage="0% (0/2)" hits="0" missing-branches="407,408" number="404"/>
						<line hits="0" number="407"/>
						<line hits="0" number="408"/>
						<line hits="0" number="409"/>
						<line branch="true" condition-coverage="0% (0/2)" hits="0" missing-branches="413,414" number="411"/>
						<line hits="0" number="413"/>
						<line hits="0" number="414"/>
						<line branch="true" condition-coverage="0% (0/2)" hits="0" missing-branches="416,424" number="415"/>
						<line branch="true" condition-coverage="0% (0/2)" hits="0" missing-branches="417,418" number="416"/>
						<line hits="0" number="417"/>
						<line branch="true" condition-coverage="0% (0/2)" hits="0" missing-branches="419,421" number="418"/>
						<line hits="0" number="419"/>
						<line hits="0" number="421"/>
						<line hits="0" number="424"/>
						<line hits="0" number="429"/>
						<line hits="0" number="434"/>
						<line hits="0" number="436"/>
						<line hits="0" number="437"/>
						<line hits="0" number="438"/>
						<line hits="0" number="439"/>
						<line branch="true" condition-coverage="0% (0/2)" hits="0" missing-branches="444,448" number="443"/>
						<line hits="0" number="444"/>
						<line branch="true" condition-coverage="0% (0/2)" hits="0" missing-branches="449,454" number="448"/>
						<line branch="true" condition-coverage="0% (0/2)" hits="0" missing-branches="448,450" number="449"/>
						<line hits="0" number="450"/>
						<line hits="0" number="454"/>
						<line branch="true" condition-coverage="0% (0/2)" hits="0" missing-branches="456,460" number="455"/>
						<line hits="0" number="456"/>
						<line branch="true" condition-coverage="0% (0/2)" hits="0" missing-branches="455,458" number="457"/>
						<line hits="0" number="458"/>
						<line branch="true" condition-coverage="0% (0/2)" hits="0" missing-branches="exit,464" number="460"/>
						<line branch="true" condition-coverage="0% (0/2)" hits="0" missing-branches="465,472" number="464"/>
						<line hits="0" number="465"/>
						<line hits="0" number="466"/>
						<line branch="true" condition-coverage="0% (0/3)" hits="0" missing-branches="exit,464,470" number="467"/>
						<line hits="0" number="470"/>
						<line hits="0" number="472"/>
						<line hits="0" number="474"/>
						<line hits="0" number="479"/>
						<line hits="0" number="480"/>
						<line hits="0" number="481"/>
						<line hits="0" number="483"/>
						<line hits="0" number="494"/>
						<line hits="0" number="495"/>
						<line hits="0" number="496"/>
						<line hits="0" number="498"/>
						<line hits="0" number="509"/>
						<line hits="0" number="510"/>
						<line hits="0" number="511"/>
						<line hits="0" number="513"/>
						<line hits="0" number="524"/>
						<line hits="0" number="525"/>
						<line hits="0" number="526"/>
						<line hits="0" number="527"/>
						<line hits="0" number="532"/>
						<line hits="0" number="533"/>
						<line hits="0" number="535"/>
						<line hits="0" number="546"/>
						<line hits="0" number="549"/>
						<line hits="0" number="552"/>
						<line hits="0" number="553"/>
						<line hits="0" number="554"/>
						<line hits="0" number="555"/>
						<line hits="0" number="556"/>
						<line hits="0" number="557"/>
						<line hits="0" number="558"/>
						<line hits="0" number="559"/>
						<line hits="0" number="560"/>
						<line hits="0" number="561"/>
						<line hits="0" number="562"/>
						<line hits="0" number="563"/>
						<line hits="0" number="564"/>
						<line hits="0" number="565"/>
						<line hits="0" number="566"/>
						<line hits="0" number="569"/>
						<line hits="0" number="570"/>
						<line hits="0" number="571"/>
						<line hits="0" number="572"/>
						<line hits="0" number="573"/>
						<line hits="0" number="574"/>
						<line hits="0" number="575"/>
						<line hits="0" number="578"/>
						<line hits="0" number="579"/>
						<line hits="0" number="580"/>
						<line hits="0" number="581"/>
						<line hits="0" number="582"/>
						<line hits="0" number="583"/>
						<line hits="0" number="585"/>
						<line hits="1" number="586"/>
						<line hits="1" number="587"/>
						<line hits="1" number="588"/>
						<line hits="1" number="589"/>
						<line hits="0" number="591"/>
						<line hits="0" number="592"/>
						<line hits="0" number="594"/>
						<line hits="0" number="595"/>
						<line branch="true" condition-coverage="0% (0/2)" hits="0" missing-branches="597,607" number="596"/>
						<line hits="0" number="597"/>
						<line branch="true" condition-coverage="0% (0/2)" hits="0" missing-branches="599,605" number="598"/>
						<line branch="true" condition-coverage="0% (0/2)" hits="0" missing-branches="602,603" number="599"/>
						<line hits="0" number="602"/>
						<line branch="true" condition-coverage="0% (0/2)" hits="0" missing-branches="604,605" number="603"/>
						<line hits="0" number="604"/>
						<line hits="0" number="605"/>
						<line hits="0" number="607"/>
						<line hits="0" number="609"/>
						<line hits="1" number="610"/>
						<line hits="1" number="612"/>
						<line hits="1" number="613"/>
						<line hits="0" number="614"/>
						<line hits="1" number="615"/>
						<line hits="1" number="616"/>
						<line hits="1" number="618"/>
						<line hits="1" number="620"/>
						<line hits="0" number="633"/>
						<line hits="0" number="634"/>
						<line hits="1" number="635"/>
						<line hits="0" number="637"/>
						<line hits="0" number="638"/>
						<line hits="0" number="639"/>
						<line hits="0" number="640"/>
						<line branch="true" condition-coverage="0% (0/2)" hits="0" missing-branches="exit,exit" number="650"/>
						<line hits="0" number="652"/>
						<line hits="0" number="658"/>
						<line hits="0" number="665"/>
						<line hits="0" number="666"/>
						<line hits="0" number="668"/>
						<line branch="true" condition-coverage="0% (0/2)" hits="0" missing-branches="674,676" number="673"/>
						<line hits="0" number="674"/>
						<line hits="0" number="676"/>
						<line hits="0" number="677"/>
						<line hits="0" number="678"/>
						<line hits="0" number="679"/>
						<line hits="0" number="680"/>
						<line branch="true" condition-coverage="0% (0/2)" hits="0" missing-branches="684,685" number="683"/>
						<line hits="0" number="684"/>
						<line branch="true" condition-coverage="0% (0/2)" hits="0" missing-branches="688,691" number="685"/>
						<line hits="0" number="688"/>
						<line hits="0" number="691"/>
						<line branch="true" condition-coverage="0% (0/2)" hits="0" missing-branches="exit,695" number="694"/>
						<line hits="0" number="695"/>
						<line hits="0" number="697"/>
						<line branch="true" condition-coverage="0% (0/2)" hits="0" missing-branches="706,708" number="705"/>
						<line hits="0" number="706"/>
						<line hits="0" number="708"/>
						<line hits="0" number="709"/>
						<line hits="0" number="710"/>
						<line hits="0" number="711"/>
						<line hits="0" number="716"/>
						<line hits="0" number="720"/>
						<line hits="0" number="721"/>
						<line hits="0" number="723"/>
						<line hits="0" number="728"/>
						<line hits="0" number="729"/>
						<line branch="true" condition-coverage="0% (0/2)" hits="0" missing-branches="732,733" number="731"/>
						<line hits="0" number="732"/>
						<line hits="0" number="733"/>
						<line hits="0" number="734"/>
						<line hits="0" number="735"/>
						<line hits="0" number="751"/>
						<line hits="0" number="757"/>
						<line hits="0" number="758"/>
						<line hits="0" number="759"/>
						<line hits="0" number="760"/>
						<line hits="0" number="761"/>
						<line hits="0" number="762"/>
						<line hits="0" number="763"/>
						<line hits="0" number="764"/>
						<line hits="0" number="766"/>
						<line hits="0" number="770"/>
						<line branch="true" condition-coverage="0% (0/2)" hits="0" missing-branches="775,777" number="774"/>
						<line hits="0" number="775"/>
						<line hits="0" number="777"/>
						<line hits="0" number="779"/>
						<line hits="0" number="784"/>
						<line hits="0" number="788"/>
						<line hits="0" number="793"/>
						<line branch="true" condition-coverage="0% (0/2)" hits="0" missing-branches="exit,798" number="797"/>
						<line hits="0" number="798"/>
						<line hits="0" number="800"/>
						<line hits="0" number="801"/>
						<line hits="0" number="803"/>
						<line hits="0" number="809"/>
						<line hits="0" number="810"/>
						<line hits="0" number="819"/>
						<line hits="0" number="825"/>
						<line hits="0" number="826"/>
						<line hits="0" number="835"/>
						<line hits="0" number="842"/>
						<line hits="0" number="843"/>
						<line hits="0" number="851"/>
						<line hits="0" number="855"/>
						<line hits="0" number="856"/>
						<line hits="0" number="858"/>
						<line hits="1" number="860"/>
						<line branch="true" condition-coverage="100% (2/2)" hits="1" number="861"/>
						<line branch="true" condition-coverage="100% (2/2)" hits="1" number="863"/>
						<line branch="true" condition-coverage="100% (2/2)" hits="1" number="864"/>
						<line branch="true" condition-coverage="100% (2/2)" hits="1" number="867"/>
						<line branch="true" condition-coverage="50% (1/2)" hits="1" missing-branches="869" number="868"/>
						<line hits="0" number="869"/>
						<line hits="1" number="870"/>
						<line hits="1" number="871"/>
						<line hits="1" number="873"/>
						<line hits="1" number="874"/>
						<line hits="0" number="876"/>
						<line hits="0" number="878"/>
						<line branch="true" condition-coverage="0% (0/2)" hits="0" missing-branches="880,890" number="879"/>
						<line hits="0" number="880"/>
						<line branch="true" condition-coverage="0% (0/2)" hits="0" missing-branches="882,884" number="881"/>
						<line hits="0" number="882"/>
						<line hits="0" number="883"/>
						<line branch="true" condition-coverage="0% (0/2)" hits="0" missing-branches="exit,888" number="884"/>
						<line branch="true" condition-coverage="0% (0/3)" hits="0" missing-branches="exit,879,889" number="888"/>
						<line hits="0" number="889"/>
						<line hits="0" number="890"/>
						<line hits="0" number="892"/>
						<line branch="true" condition-coverage="0% (0/2)" hits="0" missing-branches="900,901" number="899"/>
						<line hits="0" number="900"/>
						<line hits="0" number="901"/>
						<line branch="true" condition-coverage="0% (0/2)" hits="0" missing-branches="exit,exit" number="902"/>
						<line hits="0" number="904"/>
						<line hits="0" number="909"/>
						<line branch="true" condition-coverage="0% (0/2)" hits="0" missing-branches="911,913" number="910"/>
						<line hits="0" number="911"/>
						<line hits="0" number="912"/>
						<line hits="0" number="913"/>
						<line hits="0" number="915"/>
						<line branch="true" condition-coverage="0% (0/2)" hits="0" missing-branches="923,929" number="922"/>
						<line hits="0" number="923"/>
						<line hits="0" number="924"/>
						<line branch="true" condition-coverage="0% (0/2)" hits="0" missing-branches="930,934" number="929"/>
						<line hits="0" number="930"/>
						<line hits="0" number="934"/>
						<line hits="0" number="935"/>
						<line hits="0" number="936"/>
						<line hits="0" number="937"/>
						<line branch="true" condition-coverage="0% (0/2)" hits="0" missing-branches="940,942" number="939"/>
						<line hits="0" number="940"/>
						<line hits="0" number="942"/>
						<line hits="0" number="943"/>
						<line hits="0" number="945"/>
						<line hits="0" number="950"/>
						<line hits="0" number="952"/>
						<line branch="true" condition-coverage="0% (0/2)" hits="0" missing-branches="959,962" number="958"/>
						<line hits="0" number="959"/>
						<line hits="0" number="962"/>
						<line hits="0" number="964"/>
						<line hits="0" number="969"/>
						<line hits="0" number="971"/>
						<line hits="0" number="976"/>
						<line hits="0" number="978"/>
						<line hits="0" number="983"/>
						<line hits="0" number="985"/>
						<line hits="0" number="991"/>
						<line branch="true" condition-coverage="0% (0/2)" hits="0" missing-branches="993,994" number="992"/>
						<line hits="0" number="993"/>
						<line branch="true" condition-coverage="0% (0/2)" hits="0" missing-branches="995,996" number="994"/>
						<line hits="0" number="995"/>
						<line branch="true" condition-coverage="0% (0/2)" hits="0" missing-branches="997,999" number="996"/>
						<line hits="0" number="997"/>
						<line hits="0" number="999"/>
						<line hits="0" number="1000"/>
						<line hits="0" number="1002"/>
						<line branch="true" condition-coverage="0% (0/2)" hits="0" missing-branches="1004,1018" number="1003"/>
						<line branch="true" condition-coverage="0% (0/2)" hits="0" missing-branches="1005,1006" number="1004"/>
						<line hits="0" number="1005"/>
						<line hits="0" number="1006"/>
						<line hits="0" number="1007"/>
						<line hits="0" number="1008"/>
						<line branch="true" condition-coverage="0% (0/2)" hits="0" missing-branches="1003,1011" number="1010"/>
						<line hits="0" number="1011"/>
						<line hits="0" number="1013"/>
						<line branch="true" condition-coverage="0% (0/2)" hits="0" missing-branches="1003,1016" number="1014"/>
						<line hits="0" number="1016"/>
						<line hits="0" number="1018"/>
						<line hits="0" number="1020"/>
						<line hits="0" number="1021"/>
						<line branch="true" condition-coverage="0% (0/2)" hits="0" missing-branches="1023,1031" number="1022"/>
						<line branch="true" condition-coverage="0% (0/2)" hits="0" missing-branches="exit,1025" number="1023"/>
						<line branch="true" condition-coverage="0% (0/2)" hits="0" missing-branches="1026,1029" number="1025"/>
						<line branch="true" condition-coverage="0% (0/2)" hits="0" missing-branches="exit,1028" number="1026"/>
						<line hits="0" number="1028"/>
						<line branch="true" condition-coverage="0% (0/2)" hits="0" missing-branches="exit,1031" number="1029"/>
						<line hits="0" number="1031"/>
						<line hits="0" number="1033"/>
						<line hits="0" number="1037"/>
						<line branch="true" condition-coverage="0% (0/2)" hits="0" missing-branches="1039,1049" number="1038"/>
						<line hits="0" number="1039"/>
						<line hits="0" number="1040"/>
						<line hits="0" number="1041"/>
						<line branch="true" condition-coverage="0% (0/2)" hits="0" missing-branches="1043,1045" number="1042"/>
						<line hits="0" number="1043"/>
						<line hits="0" number="1045"/>
						<line branch="true" condition-coverage="0% (0/2)" hits="0" missing-branches="1048,1049" number="1047"/>
						<line hits="0" number="1048"/>
						<line hits="0" number="1049"/>
						<line hits="0" number="1051"/>
						<line hits="0" number="1055"/>
						<line hits="0" number="1057"/>
						<line branch="true" condition-coverage="0% (0/2)" hits="0" missing-branches="1070,1080" number="1068"/>
						<line hits="0" number="1070"/>
						<line hits="0" number="1071"/>
						<line hits="0" number="1072"/>
						<line hits="0" number="1073"/>
						<line branch="true" condition-coverage="0% (0/2)" hits="0" missing-branches="exit,1075" number="1074"/>
						<line hits="0" number="1075"/>
						<line hits="0" number="1080"/>
						<line hits="0" number="1082"/>
						<line hits="0" number="1087"/>
						<line hits="0" number="1089"/>
						<line hits="0" number="1093"/>
						<line hits="0" number="1095"/>
						<line hits="0" number="1099"/>
						<line hits="0" number="1101"/>
						<line hits="0" number="1103"/>
						<line hits="0" number="1105"/>
						<line hits="0" number="1109"/>
						<line hits="0" number="1111"/>
						<line hits="0" number="1119"/>
						<line branch="true" condition-coverage="0% (0/2)" hits="0" missing-branches="exit,1121" number="1120"/>
						<line hits="0" number="1121"/>
						<line hits="0" number="1123"/>
						<line hits="0" number="1124"/>
						<line hits="0" number="1125"/>
						<line hits="0" number="1126"/>
						<line hits="0" number="1127"/>
						<line hits="0" number="1128"/>
						<line hits="0" number="1129"/>
						<line branch="true" condition-coverage="0% (0/2)" hits="0" missing-branches="1131,1134" number="1130"/>
						<line branch="true" condition-coverage="0% (0/2)" hits="0" missing-branches="1130,1132" number="1131"/>
						<line hits="0" number="1132"/>
						<line hits="0" number="1133"/>
						<line branch="true" condition-coverage="0% (0/2)" hits="0" missing-branches="exit,1157" number="1134"/>
						<line branch="true" condition-coverage="0% (0/2)" hits="0" missing-branches="1158,1160" number="1157"/>
						<line hits="0" number="1158"/>
						<line hits="0" number="1160"/>
						<line hits="0" number="1162"/>
						<line hits="0" number="1164"/>
						<line hits="0" number="1170"/>
						<line hits="0" number="1174"/>
						<line hits="0" number="1175"/>
						<line hits="0" number="1176"/>
						<line branch="true" condition-coverage="0% (0/2)" hits="0" missing-branches="1183,1185" number="1182"/>
						<line hits="0" number="1183"/>
						<line hits="0" number="1185"/>
						<line hits="0" number="1186"/>
						<line branch="true" condition-coverage="0% (0/2)" hits="0" missing-branches="1194,1212" number="1193"/>
						<line hits="0" number="1194"/>
						<line branch="true" condition-coverage="0% (0/2)" hits="0" missing-branches="1196,1198" number="1195"/>
						<line hits="0" number="1196"/>
						<line hits="0" number="1198"/>
						<line hits="0" number="1199"/>
						<line hits="0" number="1200"/>
						<line hits="0" number="1204"/>
						<line branch="true" condition-coverage="0% (0/2)" hits="0" missing-branches="1217,1229" number="1212"/>
						<line hits="0" number="1217"/>
						<line branch="true" condition-coverage="0% (0/2)" hits="0" missing-branches="1219,1220" number="1218"/>
						<line hits="0" number="1219"/>
						<line hits="0" number="1220"/>
						<line branch="true" condition-coverage="0% (0/2)" hits="0" missing-branches="1222,1223" number="1221"/>
						<line hits="0" number="1222"/>
						<line hits="0" number="1223"/>
						<line hits="0" number="1227"/>
						<line branch="true" condition-coverage="0% (0/2)" hits="0" missing-branches="1230,1240" number="1229"/>
						<line hits="0" number="1230"/>
						<line hits="0" number="1234"/>
						<line hits="0" number="1235"/>
						<line hits="0" number="1236"/>
						<line hits="0" number="1237"/>
						<line hits="0" number="1240"/>
						<line hits="0" number="1244"/>
						<line hits="0" number="1245"/>
						<line hits="0" number="1247"/>
						<line branch="true" condition-coverage="0% (0/2)" hits="0" missing-branches="1253,1272" number="1252"/>
						<line hits="0" number="1253"/>
						<line hits="0" number="1254"/>
						<line hits="0" number="1255"/>
						<line hits="0" number="1256"/>
						<line hits="0" number="1257"/>
						<line hits="0" number="1258"/>
						<line hits="0" number="1264"/>
						<line hits="0" number="1272"/>
						<line hits="0" number="1273"/>
						<line hits="0" number="1275"/>
						<line branch="true" condition-coverage="0% (0/2)" hits="0" missing-branches="1280,1289" number="1279"/>
						<line hits="0" number="1280"/>
						<line hits="0" number="1284"/>
						<line hits="0" number="1285"/>
						<line hits="0" number="1286"/>
						<line hits="0" number="1287"/>
						<line branch="true" condition-coverage="0% (0/2)" hits="0" missing-branches="1290,1302" number="1289"/>
						<line hits="0" number="1290"/>
						<line hits="0" number="1294"/>
						<line hits="0" number="1295"/>
						<line hits="0" number="1299"/>
						<line hits="0" number="1300"/>
						<line branch="true" condition-coverage="0% (0/2)" hits="0" missing-branches="1303,1315" number="1302"/>
						<line hits="0" number="1303"/>
						<line hits="0" number="1307"/>
						<line hits="0" number="1308"/>
						<line hits="0" number="1311"/>
						<line hits="0" number="1312"/>
						<line hits="0" number="1315"/>
						<line hits="0" number="1319"/>
						<line hits="0" number="1320"/>
						<line hits="0" number="1322"/>
						<line hits="0" number="1323"/>
						<line branch="true" condition-coverage="0% (0/2)" hits="0" missing-branches="1325,1331" number="1324"/>
						<line hits="0" number="1325"/>
						<line hits="0" number="1328"/>
						<line hits="0" number="1329"/>
						<line hits="0" number="1331"/>
						<line hits="0" number="1333"/>
						<line hits="0" number="1335"/>
						<line hits="0" number="1340"/>
						<line hits="0" number="1342"/>
						<line hits="0" number="1347"/>
						<line hits="0" number="1349"/>
						<line hits="0" number="1359"/>
						<line hits="0" number="1360"/>
						<line hits="0" number="1361"/>
						<line hits="0" number="1362"/>
						<line hits="0" number="1365"/>
						<line hits="0" number="1366"/>
						<line hits="0" number="1367"/>
						<line hits="0" number="1370"/>
						<line hits="0" number="1371"/>
						<line hits="0" number="1372"/>
						<line hits="0" number="1376"/>
						<line hits="0" number="1378"/>
						<line hits="0" number="1379"/>
						<line branch="true" condition-coverage="0% (0/2)" hits="0" missing-branches="1383,1412" number="1382"/>
						<line hits="0" number="1383"/>
						<line hits="0" number="1384"/>
						<line hits="0" number="1385"/>
						<line hits="0" number="1390"/>
						<line branch="true" condition-coverage="0% (0/2)" hits="0" missing-branches="1393,1398" number="1391"/>
						<line hits="0" number="1393"/>
						<line hits="0" number="1395"/>
						<line hits="0" number="1396"/>
						<line branch="true" condition-coverage="0% (0/2)" hits="0" missing-branches="1400,1402" number="1398"/>
						<line hits="0" number="1400"/>
						<line hits="0" number="1402"/>
						<line branch="true" condition-coverage="0% (0/2)" hits="0" missing-branches="1408,1410" number="1407"/>
						<line hits="0" number="1408"/>
						<line hits="0" number="1410"/>
						<line hits="0" number="1412"/>
						<line hits="0" number="1413"/>
						<line hits="0" number="1414"/>
						<line hits="0" number="1416"/>
						<line hits="0" number="1420"/>
						<line branch="true" condition-coverage="0% (0/2)" hits="0" missing-branches="1423,1435" number="1422"/>
						<line hits="0" number="1423"/>
						<line hits="0" number="1427"/>
						<line hits="0" number="1435"/>
						<line branch="true" condition-coverage="0% (0/2)" hits="0" missing-branches="1445,1454" number="1444"/>
						<line hits="0" number="1445"/>
						<line hits="0" number="1449"/>
						<line hits="0" number="1450"/>
						<line hits="0" number="1454"/>
						<line hits="0" number="1455"/>
						<line hits="0" number="1457"/>
						<line hits="0" number="1458"/>
						<line hits="0" number="1459"/>
						<line hits="0" number="1461"/>
						<line hits="0" number="1462"/>
						<line hits="0" number="1468"/>
						<line hits="0" number="1478"/>
						<line hits="0" number="1480"/>
						<line hits="0" number="1481"/>
						<line branch="true" condition-coverage="0% (0/2)" hits="0" missing-branches="1483,1501" number="1482"/>
						<line hits="0" number="1483"/>
						<line hits="0" number="1484"/>
						<line branch="true" condition-coverage="0% (0/2)" hits="0" missing-branches="1486,1491" number="1485"/>
						<line hits="0" number="1486"/>
						<line hits="0" number="1487"/>
						<line hits="0" number="1488"/>
						<line hits="0" number="1491"/>
						<line hits="0" number="1492"/>
						<line hits="0" number="1493"/>
						<line hits="0" number="1494"/>
						<line hits="0" number="1495"/>
						<line hits="0" number="1500"/>
						<line hits="0" number="1501"/>
						<line hits="0" number="1503"/>
						<line hits="0" number="1507"/>
						<line branch="true" condition-coverage="0% (0/2)" hits="0" missing-branches="1509,1516" number="1508"/>
						<line hits="0" number="1509"/>
						<line hits="0" number="1510"/>
						<line hits="0" number="1511"/>
						<line hits="0" number="1512"/>
						<line branch="true" condition-coverage="0% (0/2)" hits="0" missing-branches="1508,1515" number="1514"/>
						<line hits="0" number="1515"/>
						<line hits="0" number="1516"/>
						<line hits="0" number="1518"/>
						<line hits="0" number="1523"/>
						<line hits="0" number="1527"/>
						<line hits="0" number="1528"/>
						<line hits="0" number="1529"/>
						<line hits="0" number="1531"/>
						<line hits="0" number="1532"/>
						<line hits="0" number="1533"/>
						<line hits="0" number="1534"/>
						<line hits="0" number="1536"/>
						<line hits="0" number="1537"/>
						<line branch="true" condition-coverage="0% (0/2)" hits="0" missing-branches="1539,1541" number="1538"/>
						<line hits="0" number="1539"/>
						<line hits="0" number="1541"/>
						<line hits="0" number="1542"/>
						<line branch="true" condition-coverage="0% (0/2)" hits="0" missing-branches="1545,1547" number="1544"/>
						<line hits="0" number="1545"/>
						<line hits="0" number="1547"/>
						<line branch="true" condition-coverage="0% (0/2)" hits="0" missing-branches="1550,1555" number="1549"/>
						<line branch="true" condition-coverage="0% (0/2)" hits="0" missing-branches="1551,1552" number="1550"/>
						<line hits="0" number="1551"/>
						<line hits="0" number="1552"/>
						<line hits="0" number="1555"/>
						<line branch="true" condition-coverage="0% (0/2)" hits="0" missing-branches="1558,1561" number="1557"/>
						<line branch="true" condition-coverage="0% (0/2)" hits="0" missing-branches="1559,1564" number="1558"/>
						<line hits="0" number="1559"/>
						<line branch="true" condition-coverage="0% (0/2)" hits="0" missing-branches="1562,1564" number="1561"/>
						<line hits="0" number="1562"/>
						<line branch="true" condition-coverage="0% (0/2)" hits="0" missing-branches="1565,1567" number="1564"/>
						<line hits="0" number="1565"/>
						<line hits="0" number="1567"/>
						<line hits="0" number="1568"/>
						<line branch="true" condition-coverage="0% (0/2)" hits="0" missing-branches="1572,1592" number="1571"/>
						<line hits="0" number="1572"/>
						<line hits="0" number="1573"/>
						<line branch="true" condition-coverage="0% (0/2)" hits="0" missing-branches="1575,1577" number="1574"/>
						<line hits="0" number="1575"/>
						<line hits="0" number="1577"/>
						<line hits="0" number="1578"/>
						<line branch="true" condition-coverage="0% (0/2)" hits="0" missing-branches="1580,1590" number="1579"/>
						<line hits="0" number="1580"/>
						<line hits="0" number="1581"/>
						<line hits="0" number="1582"/>
						<line branch="true" condition-coverage="0% (0/2)" hits="0" missing-branches="1584,1587" number="1583"/>
						<line hits="0" number="1584"/>
						<line hits="0" number="1585"/>
						<line hits="0" number="1587"/>
						<line hits="0" number="1588"/>
						<line hits="0" number="1590"/>
						<line branch="true" condition-coverage="0% (0/2)" hits="0" missing-branches="1593,1597" number="1592"/>
						<line hits="0" number="1593"/>
						<line hits="0" number="1594"/>
						<line hits="0" number="1595"/>
						<line hits="0" number="1597"/>
						<line hits="0" number="1598"/>
						<line branch="true" condition-coverage="0% (0/2)" hits="0" missing-branches="1601,1603" number="1600"/>
						<line hits="0" number="1601"/>
						<line hits="0" number="1603"/>
						<line hits="0" number="1604"/>
						<line hits="0" number="1611"/>
						<line hits="0" number="1613"/>
						<line branch="true" condition-coverage="0% (0/2)" hits="0" missing-branches="1615,1617" number="1614"/>
						<line hits="0" number="1615"/>
						<line branch="true" condition-coverage="0% (0/2)" hits="0" missing-branches="1618,1619" number="1617"/>
						<line hits="0" number="1618"/>
						<line branch="true" condition-coverage="0% (0/2)" hits="0" missing-branches="1620,1622" number="1619"/>
						<line hits="0" number="1620"/>
						<line hits="0" number="1622"/>
						<line hits="0" number="1623"/>
						<line branch="true" condition-coverage="0% (0/2)" hits="0" missing-branches="1640,1645" number="1639"/>
						<line hits="0" number="1640"/>
						<line hits="0" number="1641"/>
						<line hits="0" number="1643"/>
						<line hits="0" number="1645"/>
						<line hits="0" number="1647"/>
						<line hits="0" number="1649"/>
						<line hits="0" number="1650"/>
						<line hits="0" number="1652"/>
						<line hits="0" number="1653"/>
						<line hits="0" number="1655"/>
						<line hits="0" number="1656"/>
						<line hits="0" number="1658"/>
						<line hits="0" number="1660"/>
						<line branch="true" condition-coverage="0% (0/2)" hits="0" missing-branches="exit,exit" number="1663"/>
						<line hits="0" number="1665"/>
						<line hits="0" number="1670"/>
						<line hits="0" number="1671"/>
						<line hits="0" number="1672"/>
						<line hits="0" number="1673"/>
						<line branch="true" condition-coverage="0% (0/2)" hits="0" missing-branches="1675,1679" number="1674"/>
						<line hits="0" number="1675"/>
						<line hits="0" number="1676"/>
						<line hits="0" number="1678"/>
						<line hits="0" number="1679"/>
						<line hits="0" number="1681"/>
						<line hits="0" number="1682"/>
						<line hits="0" number="1686"/>
						<line hits="0" number="1687"/>
						<line hits="0" number="1688"/>
						<line branch="true" condition-coverage="0% (0/2)" hits="0" missing-branches="1690,1692" number="1689"/>
						<line hits="0" number="1690"/>
						<line hits="0" number="1692"/>
						<line hits="0" number="1693"/>
						<line hits="0" number="1694"/>
						<line branch="true" condition-coverage="0% (0/2)" hits="0" missing-branches="1702,1705" number="1701"/>
						<line hits="0" number="1702"/>
						<line hits="0" number="1705"/>
						<line hits="0" number="1711"/>
						<line hits="0" number="1712"/>
						<line hits="0" number="1714"/>
						<line branch="true" condition-coverage="0% (0/2)" hits="0" missing-branches="1718,1731" number="1716"/>
						<line branch="true" condition-coverage="0% (0/2)" hits="0" missing-branches="1719,1725" number="1718"/>
						<line hits="0" number="1719"/>
						<line branch="true" condition-coverage="0% (0/2)" hits="0" missing-branches="1721,1723" number="1720"/>
						<line hits="0" number="1721"/>
						<line hits="0" number="1723"/>
						<line hits="0" number="1725"/>
						<line hits="0" number="1727"/>
						<line hits="0" number="1728"/>
						<line branch="true" condition-coverage="0% (0/2)" hits="0" missing-branches="1734,1741" number="1731"/>
						<line branch="true" condition-coverage="0% (0/2)" hits="0" missing-branches="1735,1741" number="1734"/>
						<line hits="0" number="1735"/>
						<line branch="true" condition-coverage="0% (0/2)" hits="0" missing-branches="1737,1739" number="1736"/>
						<line hits="0" number="1737"/>
						<line hits="0" number="1739"/>
						<line branch="true" condition-coverage="0% (0/2)" hits="0" missing-branches="1745,1750" number="1741"/>
						<line hits="0" number="1745"/>
						<line hits="0" number="1750"/>
						<line branch="true" condition-coverage="0% (0/2)" hits="0" missing-branches="1754,1784" number="1753"/>
						<line branch="true" condition-coverage="0% (0/2)" hits="0" missing-branches="1755,1756" number="1754"/>
						<line hits="0" number="1755"/>
						<line hits="0" number="1756"/>
						<line hits="0" number="1757"/>
						<line hits="0" number="1758"/>
						<line branch="true" condition-coverage="0% (0/2)" hits="0" missing-branches="1760,1789" number="1759"/>
						<line hits="0" number="1760"/>
						<line branch="true" condition-coverage="0% (0/2)" hits="0" missing-branches="1762,1770" number="1761"/>
						<line branch="true" condition-coverage="0% (0/2)" hits="0" missing-branches="1761,1763" number="1762"/>
						<line hits="0" number="1763"/>
						<line hits="0" number="1764"/>
						<line hits="0" number="1765"/>
						<line hits="0" number="1766"/>
						<line hits="0" number="1767"/>
						<line hits="0" number="1768"/>
						<line branch="true" condition-coverage="0% (0/2)" hits="0" missing-branches="1771,1781" number="1770"/>
						<line hits="0" number="1771"/>
						<line hits="0" number="1779"/>
						<line hits="0" number="1781"/>
						<line branch="true" condition-coverage="0% (0/2)" hits="0" missing-branches="1785,1789" number="1784"/>
						<line hits="0" number="1785"/>
						<line hits="0" number="1786"/>
						<line branch="true" condition-coverage="0% (0/2)" hits="0" missing-branches="1790,1792" number="1789"/>
						<line hits="0" number="1790"/>
						<line hits="0" number="1792"/>
						<line branch="true" condition-coverage="0% (0/2)" hits="0" missing-branches="1796,1800" number="1795"/>
						<line hits="0" number="1796"/>
						<line hits="0" number="1797"/>
						<line hits="0" number="1798"/>
						<line hits="0" number="1800"/>
						<line hits="0" number="1802"/>
						<line hits="0" number="1808"/>
						<line hits="0" number="1828"/>
						<line hits="0" number="1830"/>
						<line hits="0" number="1836"/>
						<line hits="0" number="1841"/>
						<line hits="0" number="1843"/>
						<line hits="0" number="1844"/>
						<line hits="0" number="1845"/>
						<line hits="0" number="1846"/>
						<line hits="0" number="1848"/>
						<line hits="0" number="1850"/>
						<line hits="0" number="1851"/>
						<line hits="0" number="1853"/>
						<line branch="true" condition-coverage="0% (0/2)" hits="0" missing-branches="1855,1857" number="1854"/>
						<line hits="0" number="1855"/>
						<line hits="0" number="1857"/>
						<line branch="true" condition-coverage="0% (0/2)" hits="0" missing-branches="1860,1862" number="1859"/>
						<line hits="0" number="1860"/>
						<line branch="true" condition-coverage="0% (0/2)" hits="0" missing-branches="1863,1867" number="1862"/>
						<line hits="0" number="1863"/>
						<line hits="0" number="1867"/>
						<line branch="true" condition-coverage="0% (0/2)" hits="0" missing-branches="1870,1880" number="1869"/>
						<line branch="true" condition-coverage="0% (0/2)" hits="0" missing-branches="1871,1872" number="1870"/>
						<line hits="0" number="1871"/>
						<line hits="0" number="1872"/>
						<line hits="0" number="1873"/>
						<line hits="0" number="1874"/>
						<line hits="0" number="1875"/>
						<line hits="0" number="1876"/>
						<line hits="0" number="1878"/>
						<line hits="0" number="1880"/>
						<line branch="true" condition-coverage="0% (0/2)" hits="0" missing-branches="1883,1885" number="1882"/>
						<line hits="0" number="1883"/>
						<line hits="0" number="1885"/>
						<line hits="0" number="1887"/>
						<line hits="0" number="1904"/>
						<line hits="0" number="1906"/>
						<line hits="0" number="1908"/>
						<line hits="0" number="1911"/>
						<line hits="0" number="1912"/>
						<line branch="true" condition-coverage="0% (0/2)" hits="0" missing-branches="1914,1916" number="1913"/>
						<line hits="0" number="1914"/>
						<line branch="true" condition-coverage="0% (0/2)" hits="0" missing-branches="1917,1920" number="1916"/>
						<line hits="0" number="1917"/>
						<line hits="0" number="1920"/>
						<line hits="0" number="1921"/>
						<line hits="0" number="1922"/>
						<line hits="0" number="1927"/>
						<line hits="0" number="1938"/>
						<line hits="0" number="1940"/>
						<line hits="0" number="1946"/>
						<line hits="0" number="1948"/>
						<line hits="0" number="1949"/>
						<line hits="0" number="1950"/>
						<line hits="0" number="1951"/>
						<line branch="true" condition-coverage="0% (0/2)" hits="0" missing-branches="1953,1954" number="1952"/>
						<line hits="0" number="1953"/>
						<line branch="true" condition-coverage="0% (0/2)" hits="0" missing-branches="1955,1989" number="1954"/>
						<line hits="0" number="1955"/>
						<line hits="0" number="1956"/>
						<line branch="true" condition-coverage="0% (0/2)" hits="0" missing-branches="1958,1959" number="1957"/>
						<line hits="0" number="1958"/>
						<line hits="0" number="1959"/>
						<line branch="true" condition-coverage="0% (0/2)" hits="0" missing-branches="1965,1970" number="1964"/>
						<line hits="0" number="1965"/>
						<line hits="0" number="1970"/>
						<line hits="0" number="1972"/>
						<line hits="0" number="1974"/>
						<line branch="true" condition-coverage="0% (0/2)" hits="0" missing-branches="1982,1987" number="1981"/>
						<line branch="true" condition-coverage="0% (0/2)" hits="0" missing-branches="1983,1987" number="1982"/>
						<line branch="true" condition-coverage="0% (0/2)" hits="0" missing-branches="1984,1985" number="1983"/>
						<line hits="0" number="1984"/>
						<line hits="0" number="1985"/>
						<line hits="0" number="1986"/>
						<line hits="0" number="1987"/>
						<line hits="0" number="1988"/>
						<line hits="0" number="1989"/>
						<line hits="0" number="1992"/>
						<line hits="0" number="2000"/>
						<line hits="0" number="2001"/>
						<line hits="0" number="2002"/>
						<line hits="0" number="2003"/>
						<line hits="0" number="2004"/>
						<line hits="0" number="2005"/>
						<line hits="0" number="2006"/>
						<line hits="0" number="2007"/>
						<line hits="0" number="2008"/>
						<line hits="0" number="2009"/>
						<line hits="0" number="2010"/>
						<line hits="0" number="2011"/>
						<line hits="0" number="2012"/>
						<line hits="0" number="2014"/>
						<line hits="0" number="2015"/>
						<line hits="0" number="2016"/>
						<line hits="0" number="2017"/>
						<line hits="0" number="2018"/>
[...]
						<line hits="0" number="214"/>
						<line hits="0" number="215"/>
						<line hits="0" number="217"/>
						<line hits="0" number="221"/>
						<line hits="0" number="222"/>
						<line hits="0" number="223"/>
						<line hits="0" number="224"/>
						<line branch="true" condition-coverage="0% (0/2)" hits="0" missing-branches="227,228" number="226"/>
						<line hits="0" number="227"/>
						<line branch="true" condition-coverage="0% (0/2)" hits="0" missing-branches="229,233" number="228"/>
						<line hits="0" number="229"/>
						<line branch="true" condition-coverage="0% (0/2)" hits="0" missing-branches="231,232" number="230"/>
						<line hits="0" number="231"/>
						<line hits="0" number="232"/>
						<line hits="0" number="233"/>
						<line hits="0" number="235"/>
						<line branch="true" condition-coverage="0% (0/2)" hits="0" missing-branches="exit,240" number="239"/>
						<line hits="0" number="240"/>
						<line hits="0" number="243"/>
						<line hits="0" number="247"/>
						<line hits="0" number="249"/>
						<line hits="0" number="250"/>
						<line hits="0" number="251"/>
						<line branch="true" condition-coverage="0% (0/2)" hits="0" missing-branches="exit,253" number="252"/>
						<line hits="0" number="253"/>
						<line hits="0" number="258"/>
						<line hits="0" number="265"/>
						<line hits="0" number="266"/>
						<line branch="true" condition-coverage="0% (0/2)" hits="0" missing-branches="268,274" number="267"/>
						<line hits="0" number="268"/>
						<line branch="true" condition-coverage="0% (0/2)" hits="0" missing-branches="270,271" number="269"/>
						<line hits="0" number="270"/>
						<line branch="true" condition-coverage="0% (0/2)" hits="0" missing-branches="272,273" number="271"/>
						<line hits="0" number="272"/>
						<line hits="0" number="273"/>
						<line branch="true" condition-coverage="0% (0/2)" hits="0" missing-branches="275,277" number="274"/>
						<line hits="0" number="275"/>
						<line hits="0" number="277"/>
						<line hits="0" number="280"/>
						<line branch="true" condition-coverage="100% (2/2)" hits="1" number="281"/>
						<line hits="1" number="282"/>
						<line hits="0" number="285"/>
						<line hits="0" number="286"/>
						<line hits="1" number="291"/>
						<line branch="true" condition-coverage="50% (1/2)" hits="1" missing-branches="293" number="292"/>
						<line hits="0" number="293"/>
						<line hits="1" number="295"/>
					</lines>
				</class>
			</classes>
		</package>
		<package branch-rate="0.125" complexity="0" line-rate="0.5051" name="ecommerce.src.django-jenkins.django_jenkins">
			<classes>
				<class branch-rate="1" complexity="0" filename="ecommerce/src/django-jenkins/django_jenkins/models.py" line-rate="1" name="models.py">
					<methods/>
					<lines/>
				</class>
				<class branch-rate="0.125" complexity="0" filename="ecommerce/src/django-jenkins/django_jenkins/runner.py" line-rate="0.5051" name="runner.py">
					<methods/>
					<lines>
						<line hits="1" number="1"/>
						<line hits="1" number="2"/>
						<line hits="1" number="3"/>
						<line hits="1" number="4"/>
						<line hits="1" number="6"/>
						<line hits="1" number="8"/>
						<line hits="1" number="9"/>
						<line hits="1" number="12"/>
						<line hits="1" number="13"/>
						<line hits="1" number="14"/>
						<line hits="1" number="15"/>
						<line hits="1" number="16"/>
						<line hits="1" number="17"/>
						<line hits="1" number="19"/>
						<line hits="0" number="20"/>
						<line hits="0" number="21"/>
						<line hits="1" number="23"/>
						<line hits="1" number="24"/>
						<line hits="1" number="25"/>
						<line hits="1" number="26"/>
						<line hits="1" number="28"/>
						<line hits="0" number="29"/>
						<line hits="0" number="30"/>
						<line hits="1" number="32"/>
						<line hits="0" number="33"/>
						<line hits="0" number="34"/>
						<line hits="0" number="35"/>
						<line hits="0" number="36"/>
						<line hits="1" number="38"/>
						<line hits="0" number="39"/>
						<line hits="0" number="40"/>
						<line hits="0" number="41"/>
						<line hits="0" number="42"/>
						<line hits="1" number="44"/>
						<line hits="0" number="45"/>
						<line hits="0" number="46"/>
						<line hits="0" number="47"/>
						<line hits="0" number="48"/>
						<line hits="1" number="50"/>
						<line hits="0" number="51"/>
						<line hits="0" number="52"/>
						<line hits="0" number="53"/>
						<line hits="0" number="54"/>
						<line hits="1" number="56"/>
						<line hits="0" number="57"/>
						<line hits="0" number="58"/>
						<line hits="0" number="59"/>
						<line hits="0" number="60"/>
						<line hits="1" number="62"/>
						<line branch="true" condition-coverage="0% (0/2)" hits="0" missing-branches="64,74" number="63"/>
						<line hits="0" number="64"/>
						<line branch="true" condition-coverage="0% (0/2)" hits="0" missing-branches="66,69" number="65"/>
						<line hits="0" number="66"/>
						<line hits="0" number="67"/>
						<line hits="0" number="69"/>
						<line branch="true" condition-coverage="0% (0/2)" hits="0" missing-branches="71,74" number="70"/>
						<line hits="0" number="71"/>
						<line hits="0" number="72"/>
						<line hits="0" number="74"/>
						<line hits="1" number="76"/>
						<line hits="1" number="77"/>
						<line hits="1" number="78"/>
						<line hits="1" number="79"/>
						<line hits="1" number="80"/>
						<line hits="1" number="81"/>
						<line hits="1" number="82"/>
						<line hits="1" number="83"/>
						<line hits="1" number="84"/>
						<line hits="1" number="86"/>
						<line hits="0" number="87"/>
						<line hits="0" number="88"/>
						<line hits="0" number="89"/>
						<line hits="0" number="90"/>
						<line hits="0" number="91"/>
						<line hits="0" number="92"/>
						<line hits="0" number="94"/>
						<line hits="1" number="96"/>
						<line hits="0" number="98"/>
						<line hits="0" number="99"/>
						<line hits="1" number="101"/>
						<line hits="0" number="103"/>
						<line hits="0" number="104"/>
						<line hits="0" number="105"/>
						<line hits="0" number="106"/>
						<line hits="0" number="107"/>
						<line hits="1" number="109"/>
						<line branch="true" condition-coverage="50% (1/2)" hits="1" missing-branches="114" number="113"/>
						<line hits="0" number="114"/>
						<line hits="1" number="116"/>
						<line hits="1" number="117"/>
						<line hits="1" number="120"/>
						<line hits="1" number="121"/>
						<line hits="1" number="122"/>
						<line hits="1" number="123"/>
						<line hits="1" number="124"/>
						<line hits="1" number="126"/>
						<line hits="1" number="127"/>
						<line hits="1" number="134"/>
						<line hits="1" number="136"/>
					</lines>
				</class>
			</classes>
		</package>
		<package branch-rate="1" complexity="0" line-rate="1" name="ecommerce.src.django-jenkins.django_jenkins.management">
			<classes>
				<class branch-rate="1" complexity="0" filename="ecommerce/src/django-jenkins/django_jenkins/management/__init__.py" line-rate="1" name="__init__.py">
					<methods/>
					<lines/>
				</class>
			</classes>
		</package>
		<package branch-rate="0.5435" complexity="0" line-rate="0.7957" name="ecommerce.src.django-jenkins.django_jenkins.management.commands">
			<classes>
				<class branch-rate="1" complexity="0" filename="ecommerce/src/django-jenkins/django_jenkins/management/commands/__init__.py" line-rate="1" name="__init__.py">
					<methods/>
					<lines/>
				</class>
				<class branch-rate="0.5435" complexity="0" filename="ecommerce/src/django-jenkins/django_jenkins/management/commands/jenkins.py" line-rate="0.7957" name="jenkins.py">
					<methods/>
					<lines>
						<line hits="1" number="1"/>
						<line hits="1" number="2"/>
						<line hits="1" number="3"/>
						<line hits="1" number="4"/>
						<line hits="1" number="6"/>
						<line hits="1" number="7"/>
						<line hits="1" number="8"/>
						<line hits="1" number="10"/>
						<line hits="1" number="13"/>
						<line branch="true" condition-coverage="50% (1/2)" hits="1" missing-branches="18" number="14"/>
						<line hits="1" number="15"/>
						<line hits="1" number="18"/>
						<line hits="1" number="19"/>
						<line hits="1" number="20"/>
						<line branch="true" condition-coverage="50% (1/2)" hits="1" missing-branches="23" number="22"/>
						<line hits="0" number="23"/>
						<line hits="1" number="25"/>
						<line hits="1" number="28"/>
						<line hits="1" number="29"/>
						<line hits="1" number="30"/>
						<line branch="true" condition-coverage="100% (2/2)" hits="1" number="31"/>
						<line branch="true" condition-coverage="100% (2/2)" hits="1" number="33"/>
						<line hits="1" number="34"/>
						<line hits="1" number="36"/>
						<line hits="1" number="42"/>
						<line branch="true" condition-coverage="100% (2/2)" hits="1" number="43"/>
						<line branch="true" condition-coverage="50% (1/2)" hits="1" missing-branches="45" number="44"/>
						<line hits="0" number="45"/>
						<line hits="0" number="46"/>
						<line hits="1" number="47"/>
						<line hits="1" number="49"/>
						<line hits="1" number="50"/>
						<line hits="1" number="52"/>
						<line hits="1" number="53"/>
						<line hits="1" number="54"/>
						<line hits="1" number="56"/>
						<line hits="1" number="59"/>
						<line hits="1" number="62"/>
						<line hits="1" number="66"/>
						<line hits="1" number="70"/>
						<line hits="1" number="73"/>
						<line hits="1" number="77"/>
						<line branch="true" condition-coverage="100% (2/2)" hits="1" number="78"/>
						<line branch="true" condition-coverage="50% (1/2)" hits="1" missing-branches="78" number="79"/>
						<line hits="1" number="80"/>
						<line hits="1" number="82"/>
						<line branch="true" condition-coverage="50% (1/2)" hits="1" missing-branches="exit" number="84"/>
						<line hits="1" number="85"/>
						<line hits="1" number="87"/>
						<line hits="1" number="88"/>
						<line hits="1" number="89"/>
						<line branch="true" condition-coverage="50% (1/2)" hits="1" missing-branches="92" number="91"/>
						<line hits="0" number="92"/>
						<line hits="0" number="93"/>
						<line hits="1" number="95"/>
						<line branch="true" condition-coverage="50% (1/2)" hits="1" missing-branches="97" number="96"/>
						<line hits="0" number="97"/>
						<line hits="1" number="99"/>
						<line branch="true" condition-coverage="50% (1/2)" hits="1" missing-branches="102" number="101"/>
						<line hits="0" number="102"/>
						<line hits="1" number="104"/>
						<line branch="true" condition-coverage="50% (1/2)" hits="1" missing-branches="107" number="106"/>
						<line hits="0" number="107"/>
						<line hits="1" number="109"/>
						<line hits="1" number="111"/>
						<line branch="true" condition-coverage="50% (1/2)" hits="1" missing-branches="119" number="112"/>
						<line branch="true" condition-coverage="50% (1/2)" hits="1" missing-branches="116" number="113"/>
						<line hits="1" number="114"/>
						<line hits="1" number="116"/>
						<line branch="true" condition-coverage="0% (0/2)" hits="0" missing-branches="120,124" number="119"/>
						<line branch="true" condition-coverage="0% (0/2)" hits="0" missing-branches="121,122" number="120"/>
						<line hits="0" number="121"/>
						<line hits="0" number="122"/>
						<line branch="true" condition-coverage="0% (0/2)" hits="0" missing-branches="exit,125" number="124"/>
						<line hits="0" number="125"/>
						<line hits="1" number="127"/>
						<line hits="1" number="128"/>
						<line hits="1" number="130"/>
						<line branch="true" condition-coverage="50% (1/2)" hits="1" missing-branches="132" number="131"/>
						<line hits="0" number="132"/>
						<line branch="true" condition-coverage="50% (1/2)" hits="1" missing-branches="134" number="133"/>
						<line hits="0" number="134"/>
						<line branch="true" condition-coverage="50% (1/2)" hits="1" missing-branches="136" number="135"/>
						<line hits="0" number="136"/>
						<line hits="0" number="137"/>
						<line hits="1" number="139"/>
						<line hits="1" number="140"/>
						<line branch="true" condition-coverage="100% (2/2)" hits="1" number="142"/>
						<line hits="1" number="143"/>
						<line branch="true" condition-coverage="50% (1/2)" hits="1" missing-branches="147" number="144"/>
						<line hits="1" number="145"/>
						<line hits="0" number="147"/>
						<line hits="1" number="149"/>
					</lines>
				</class>
			</classes>
		</package>
		<package branch-rate="0" complexity="0" line-rate="0.2185" name="ecommerce.src.django-jenkins.django_jenkins.tasks">
			<classes>
				<class branch-rate="0" complexity="0" filename="ecommerce/src/django-jenkins/django_jenkins/tasks/run_pep8.py" line-rate="0.3023" name="run_pep8.py">
					<methods/>
					<lines>
						<line hits="1" number="1"/>
						<line hits="1" number="2"/>
						<line hits="1" number="4"/>
						<line hits="1" number="6"/>
						<line hits="1" number="9"/>
						<line hits="1" number="10"/>
						<line hits="1" number="11"/>
						<line hits="1" number="16"/>
						<line hits="1" number="18"/>
						<line hits="1" number="20"/>
						<line hits="1" number="23"/>
						<line hits="1" number="26"/>
						<line hits="0" number="27"/>
						<line hits="0" number="29"/>
						<line hits="0" number="30"/>
						<line hits="0" number="31"/>
						<line branch="true" condition-coverage="0% (0/2)" hits="0" missing-branches="exit,33" number="32"/>
						<line hits="0" number="33"/>
						<line hits="0" number="34"/>
						<line hits="0" number="36"/>
						<line hits="0" number="37"/>
						<line branch="true" condition-coverage="0% (0/2)" hits="0" missing-branches="39,41" number="38"/>
						<line hits="0" number="39"/>
						<line hits="0" number="41"/>
						<line hits="0" number="44"/>
						<line hits="0" number="46"/>
						<line hits="0" number="48"/>
						<line hits="0" number="51"/>
						<line hits="0" number="56"/>
						<line branch="true" condition-coverage="0% (0/2)" hits="0" missing-branches="58,59" number="57"/>
						<line hits="0" number="58"/>
						<line hits="0" number="59"/>
						<line hits="0" number="61"/>
						<line hits="1" number="63"/>
						<line branch="true" condition-coverage="0% (0/2)" hits="0" missing-branches="65,67" number="64"/>
						<line hits="0" number="65"/>
						<line hits="0" number="67"/>
						<line branch="true" condition-coverage="0% (0/2)" hits="0" missing-branches="69,71" number="68"/>
						<line hits="0" number="69"/>
						<line branch="true" condition-coverage="0% (0/2)" hits="0" missing-branches="72,74" number="71"/>
						<line hits="0" number="72"/>
						<line branch="true" condition-coverage="0% (0/2)" hits="0" missing-branches="exit,75" number="74"/>
						<line hits="0" number="75"/>
					</lines>
				</class>
				<class branch-rate="0" complexity="0" filename="ecommerce/src/django-jenkins/django_jenkins/tasks/run_pyflakes.py" line-rate="0.3636" name="run_pyflakes.py">
					<methods/>
					<lines>
						<line hits="1" number="2"/>
						<line hits="1" number="3"/>
						<line hits="1" number="4"/>
						<line hits="1" number="5"/>
						<line hits="1" number="7"/>
						<line hits="1" number="8"/>
						<line hits="1" number="9"/>
						<line hits="1" number="10"/>
						<line hits="1" number="13"/>
						<line hits="1" number="14"/>
						<line hits="1" number="15"/>
						<line hits="1" number="21"/>
						<line hits="0" number="22"/>
						<line hits="0" number="25"/>
						<line hits="0" number="26"/>
						<line hits="0" number="27"/>
						<line branch="true" condition-coverage="0% (0/2)" hits="0" missing-branches="29,41" number="28"/>
						<line branch="true" condition-coverage="0% (0/2)" hits="0" missing-branches="30,39" number="29"/>
						<line branch="true" condition-coverage="0% (0/2)" hits="0" missing-branches="28,31" number="30"/>
						<line branch="true" condition-coverage="0% (0/3)" hits="0" missing-branches="exit,33,35" number="31"/>
						<line hits="0" number="33"/>
						<line branch="true" condition-coverage="0% (0/2)" hits="0" missing-branches="30,36" number="35"/>
						<line branch="true" condition-coverage="0% (0/2)" hits="0" missing-branches="35,37" number="36"/>
						<line hits="0" number="37"/>
						<line hits="0" number="39"/>
						<line hits="0" number="41"/>
						<line hits="0" number="44"/>
						<line hits="0" number="47"/>
						<line branch="true" condition-coverage="0% (0/2)" hits="0" missing-branches="49,50" number="48"/>
						<line hits="0" number="49"/>
						<line hits="0" number="50"/>
						<line hits="0" number="51"/>
						<line hits="0" number="53"/>
					</lines>
				</class>
				<class branch-rate="0" complexity="0" filename="ecommerce/src/django-jenkins/django_jenkins/tasks/with_coverage.py" line-rate="0.02326" name="with_coverage.py">
					<methods/>
					<lines>
						<line hits="0" number="1"/>
						<line hits="0" number="2"/>
						<line hits="0" number="3"/>
						<line hits="0" number="5"/>
						<line hits="0" number="8"/>
						<line hits="0" number="9"/>
						<line hits="0" number="10"/>
						<line hits="0" number="11"/>
						<line hits="0" number="12"/>
						<line hits="0" number="13"/>
						<line branch="true" condition-coverage="0% (0/2)" hits="0" missing-branches="16,18" number="15"/>
						<line hits="0" number="16"/>
						<line hits="0" number="18"/>
						<line branch="true" condition-coverage="0% (0/2)" hits="0" missing-branches="20,23" number="19"/>
						<line branch="true" condition-coverage="0% (0/2)" hits="0" missing-branches="19,21" number="20"/>
						<line hits="0" number="21"/>
						<line hits="0" number="23"/>
						<line hits="0" number="26"/>
						<line hits="0" number="28"/>
						<line hits="1" number="29"/>
						<line hits="0" number="30"/>
						<line hits="0" number="31"/>
						<line branch="true" condition-coverage="0% (0/2)" hits="0" missing-branches="34,35" number="33"/>
						<line hits="0" number="34"/>
						<line branch="true" condition-coverage="0% (0/2)" hits="0" missing-branches="36,37" number="35"/>
						<line hits="0" number="36"/>
						<line branch="true" condition-coverage="0% (0/2)" hits="0" missing-branches="exit,39" number="37"/>
						<line hits="0" number="39"/>
						<line hits="0" number="41"/>
						<line hits="0" number="42"/>
						<line hits="0" number="45"/>
						<line branch="true" condition-coverage="0% (0/2)" hits="0" missing-branches="47,53" number="46"/>
						<line hits="0" number="47"/>
						<line hits="0" number="48"/>
						<line hits="0" number="49"/>
						<line hits="0" number="50"/>
						<line hits="0" number="53"/>
						<line branch="true" condition-coverage="0% (0/4)" hits="0" missing-branches="exit,exit,exit,exit" number="55"/>
						<line hits="0" number="61"/>
						<line hits="0" number="62"/>
						<line branch="true" condition-coverage="0% (0/2)" hits="0" missing-branches="64,65" number="63"/>
						<line hits="0" number="64"/>
						<line hits="0" number="65"/>
					</lines>
				</class>
			</classes>
		</package>
		<package branch-rate="1" complexity="0" line-rate="1" name="webportal">
			<classes>
				<class branch-rate="1" complexity="0" filename="webportal/__init__.py" line-rate="1" name="__init__.py">
					<methods/>
					<lines/>
				</class>
				<class branch-rate="1" complexity="0" filename="webportal/admin.py" line-rate="1" name="admin.py">
					<methods/>
					<lines>
						<line hits="1" number="1"/>
					</lines>
				</class>
				<class branch-rate="1" complexity="0" filename="webportal/models.py" line-rate="1" name="models.py">
					<methods/>
					<lines>
						<line hits="1" number="1"/>
					</lines>
				</class>
				<class branch-rate="1" complexity="0" filename="webportal/tests.py" line-rate="1" name="tests.py">
					<methods/>
					<lines>
						<line hits="1" number="1"/>
					</lines>
				</class>
			</classes>
		</package>
	</packages>
</coverage>
